mode: atomic
github.com/moleculer-go/moleculer/registry/registry.go:37.70,40.2 2 3
github.com/moleculer-go/moleculer/registry/registry.go:43.73,46.2 1 3
github.com/moleculer-go/moleculer/registry/registry.go:48.72,70.63 6 3
github.com/moleculer-go/moleculer/registry/registry.go:77.2,79.17 2 3
github.com/moleculer-go/moleculer/registry/registry.go:70.63,72.32 2 0
github.com/moleculer-go/moleculer/registry/registry.go:72.33,74.4 0 0
github.com/moleculer-go/moleculer/registry/registry.go:82.57,88.82 2 3
github.com/moleculer-go/moleculer/registry/registry.go:88.82,93.21 5 24
github.com/moleculer-go/moleculer/registry/registry.go:96.3,96.19 1 24
github.com/moleculer-go/moleculer/registry/registry.go:93.21,94.107 1 0
github.com/moleculer-go/moleculer/registry/registry.go:100.41,106.2 4 1
github.com/moleculer-go/moleculer/registry/registry.go:109.42,112.16 3 3
github.com/moleculer-go/moleculer/registry/registry.go:115.2,117.37 2 3
github.com/moleculer-go/moleculer/registry/registry.go:120.2,120.35 1 3
github.com/moleculer-go/moleculer/registry/registry.go:123.2,123.40 1 3
github.com/moleculer-go/moleculer/registry/registry.go:112.16,113.86 1 0
github.com/moleculer-go/moleculer/registry/registry.go:117.37,119.3 1 3
github.com/moleculer-go/moleculer/registry/registry.go:120.35,122.3 1 3
github.com/moleculer-go/moleculer/registry/registry.go:123.40,125.3 1 3
github.com/moleculer-go/moleculer/registry/registry.go:128.84,135.20 6 0
github.com/moleculer-go/moleculer/registry/registry.go:141.2,142.37 2 0
github.com/moleculer-go/moleculer/registry/registry.go:150.2,150.69 1 0
github.com/moleculer-go/moleculer/registry/registry.go:135.20,139.3 3 0
github.com/moleculer-go/moleculer/registry/registry.go:142.37,144.25 2 0
github.com/moleculer-go/moleculer/registry/registry.go:144.25,146.4 1 0
github.com/moleculer-go/moleculer/registry/registry.go:146.9,148.4 1 0
github.com/moleculer-go/moleculer/registry/registry.go:153.83,155.2 0 0
github.com/moleculer-go/moleculer/registry/registry.go:159.137,165.24 5 10
github.com/moleculer-go/moleculer/registry/registry.go:170.2,172.25 2 9
github.com/moleculer-go/moleculer/registry/registry.go:175.2,175.58 1 3
github.com/moleculer-go/moleculer/registry/registry.go:165.24,168.25 3 1
github.com/moleculer-go/moleculer/registry/registry.go:172.25,174.3 1 6
github.com/moleculer-go/moleculer/registry/registry.go:178.107,182.2 3 0
github.com/moleculer-go/moleculer/registry/registry.go:184.135,189.12 4 3
github.com/moleculer-go/moleculer/registry/registry.go:194.2,194.15 1 3
github.com/moleculer-go/moleculer/registry/registry.go:189.12,193.3 3 3
github.com/moleculer-go/moleculer/registry/registry.go:198.72,201.2 2 3
github.com/moleculer-go/moleculer/registry/registry.go:204.70,209.2 4 3
github.com/moleculer-go/moleculer/registry/registry.go:211.60,213.36 2 3
github.com/moleculer-go/moleculer/registry/registry.go:213.36,215.3 1 0
github.com/moleculer-go/moleculer/registry/registry.go:218.54,221.36 3 3
github.com/moleculer-go/moleculer/registry/registry.go:221.36,225.3 3 0
github.com/moleculer-go/moleculer/registry/registry.go:229.91,230.6 1 9
github.com/moleculer-go/moleculer/registry/registry.go:230.6,231.23 1 10
github.com/moleculer-go/moleculer/registry/registry.go:234.3,235.24 2 10
github.com/moleculer-go/moleculer/registry/registry.go:231.23,232.9 1 0
github.com/moleculer-go/moleculer/registry/registry.go:239.86,242.16 3 8
github.com/moleculer-go/moleculer/registry/registry.go:242.16,245.3 2 7
github.com/moleculer-go/moleculer/registry/registry.go:250.87,254.12 4 3
github.com/moleculer-go/moleculer/registry/registry.go:254.12,256.3 1 3
github.com/moleculer-go/moleculer/registry/registry.go:260.84,267.32 5 13
github.com/moleculer-go/moleculer/registry/registry.go:310.2,311.40 2 13
github.com/moleculer-go/moleculer/registry/registry.go:315.2,317.12 3 13
github.com/moleculer-go/moleculer/registry/registry.go:322.2,322.56 1 13
github.com/moleculer-go/moleculer/registry/registry.go:267.32,271.40 3 13
github.com/moleculer-go/moleculer/registry/registry.go:280.3,280.42 1 13
github.com/moleculer-go/moleculer/registry/registry.go:285.3,285.42 1 13
github.com/moleculer-go/moleculer/registry/registry.go:290.3,290.38 1 13
github.com/moleculer-go/moleculer/registry/registry.go:299.3,299.41 1 13
github.com/moleculer-go/moleculer/registry/registry.go:304.3,304.41 1 13
github.com/moleculer-go/moleculer/registry/registry.go:271.40,278.4 2 6
github.com/moleculer-go/moleculer/registry/registry.go:280.42,283.4 2 7
github.com/moleculer-go/moleculer/registry/registry.go:285.42,288.4 2 0
github.com/moleculer-go/moleculer/registry/registry.go:290.38,297.4 2 0
github.com/moleculer-go/moleculer/registry/registry.go:299.41,302.4 2 0
github.com/moleculer-go/moleculer/registry/registry.go:304.41,307.4 2 0
github.com/moleculer-go/moleculer/registry/registry.go:311.40,313.3 1 13
github.com/moleculer-go/moleculer/registry/registry.go:317.12,319.3 1 4
github.com/moleculer-go/moleculer/registry/registry.go:319.8,319.24 1 9
github.com/moleculer-go/moleculer/registry/registry.go:319.24,321.3 1 0
github.com/moleculer-go/moleculer/registry/registry.go:327.76,328.90 1 3
github.com/moleculer-go/moleculer/registry/registry.go:332.2,337.43 4 3
github.com/moleculer-go/moleculer/registry/registry.go:341.2,341.41 1 3
github.com/moleculer-go/moleculer/registry/registry.go:345.2,351.36 3 3
github.com/moleculer-go/moleculer/registry/registry.go:328.90,330.3 1 0
github.com/moleculer-go/moleculer/registry/registry.go:337.43,339.3 1 3
github.com/moleculer-go/moleculer/registry/registry.go:341.41,343.3 1 0
github.com/moleculer-go/moleculer/registry/registry.go:356.136,358.18 2 10
github.com/moleculer-go/moleculer/registry/registry.go:361.2,361.52 1 10
github.com/moleculer-go/moleculer/registry/registry.go:358.18,360.3 1 0
github.com/moleculer-go/moleculer/registry/serviceCatalog.go:16.45,21.2 4 3
github.com/moleculer-go/moleculer/registry/serviceCatalog.go:23.87,25.2 1 0
github.com/moleculer-go/moleculer/registry/serviceCatalog.go:28.67,30.2 1 25
github.com/moleculer-go/moleculer/registry/serviceCatalog.go:33.92,37.2 3 3
github.com/moleculer-go/moleculer/registry/serviceCatalog.go:40.104,44.2 3 0
github.com/moleculer-go/moleculer/registry/serviceCatalog.go:47.67,49.12 2 3
github.com/moleculer-go/moleculer/registry/serviceCatalog.go:49.12,50.28 1 3
github.com/moleculer-go/moleculer/registry/serviceCatalog.go:53.3,53.48 1 3
github.com/moleculer-go/moleculer/registry/serviceCatalog.go:50.28,52.4 1 3
github.com/moleculer-go/moleculer/registry/serviceCatalog.go:58.84,64.50 5 9
github.com/moleculer-go/moleculer/registry/serviceCatalog.go:64.50,66.3 1 9
github.com/moleculer-go/moleculer/registry/serviceCatalog.go:66.8,68.3 1 0
github.com/moleculer-go/moleculer/registry/serviceCatalog.go:71.70,72.33 1 7
github.com/moleculer-go/moleculer/registry/serviceCatalog.go:77.2,77.14 1 0
github.com/moleculer-go/moleculer/registry/serviceCatalog.go:72.33,73.28 1 7
github.com/moleculer-go/moleculer/registry/serviceCatalog.go:73.28,75.4 1 7
github.com/moleculer-go/moleculer/registry/serviceCatalog.go:80.67,81.31 1 0
github.com/moleculer-go/moleculer/registry/serviceCatalog.go:86.2,86.14 1 0
github.com/moleculer-go/moleculer/registry/serviceCatalog.go:81.31,82.27 1 0
github.com/moleculer-go/moleculer/registry/serviceCatalog.go:82.27,84.4 1 0
github.com/moleculer-go/moleculer/registry/serviceCatalog.go:89.61,90.31 1 7
github.com/moleculer-go/moleculer/registry/serviceCatalog.go:96.2,96.14 1 0
github.com/moleculer-go/moleculer/registry/serviceCatalog.go:90.31,92.38 2 7
github.com/moleculer-go/moleculer/registry/serviceCatalog.go:92.38,94.4 1 7
github.com/moleculer-go/moleculer/registry/serviceCatalog.go:101.174,106.30 4 7
github.com/moleculer-go/moleculer/registry/serviceCatalog.go:116.2,116.41 1 7
github.com/moleculer-go/moleculer/registry/serviceCatalog.go:123.2,123.42 1 7
github.com/moleculer-go/moleculer/registry/serviceCatalog.go:106.30,109.49 3 0
github.com/moleculer-go/moleculer/registry/serviceCatalog.go:109.49,111.4 1 0
github.com/moleculer-go/moleculer/registry/serviceCatalog.go:111.9,114.4 2 0
github.com/moleculer-go/moleculer/registry/serviceCatalog.go:116.41,118.35 2 0
github.com/moleculer-go/moleculer/registry/serviceCatalog.go:118.35,121.4 2 0
github.com/moleculer-go/moleculer/registry/serviceCatalog.go:128.177,133.31 4 7
github.com/moleculer-go/moleculer/registry/serviceCatalog.go:143.2,143.43 1 7
github.com/moleculer-go/moleculer/registry/serviceCatalog.go:150.2,150.51 1 7
github.com/moleculer-go/moleculer/registry/serviceCatalog.go:133.31,136.51 3 7
github.com/moleculer-go/moleculer/registry/serviceCatalog.go:136.51,138.4 1 7
github.com/moleculer-go/moleculer/registry/serviceCatalog.go:138.9,141.4 2 0
github.com/moleculer-go/moleculer/registry/serviceCatalog.go:143.43,145.36 2 7
github.com/moleculer-go/moleculer/registry/serviceCatalog.go:145.36,148.4 2 0
github.com/moleculer-go/moleculer/registry/serviceCatalog.go:154.226,158.19 3 13
github.com/moleculer-go/moleculer/registry/serviceCatalog.go:165.2,175.92 9 6
github.com/moleculer-go/moleculer/registry/serviceCatalog.go:158.19,163.3 4 7
github.com/moleculer-go/moleculer/registry/actionCatalog.go:26.43,30.2 3 7
github.com/moleculer-go/moleculer/registry/actionCatalog.go:32.106,33.34 1 6
github.com/moleculer-go/moleculer/registry/actionCatalog.go:33.34,36.3 2 0
github.com/moleculer-go/moleculer/registry/actionCatalog.go:39.107,45.12 4 6
github.com/moleculer-go/moleculer/registry/actionCatalog.go:54.2,54.15 1 6
github.com/moleculer-go/moleculer/registry/actionCatalog.go:45.12,52.3 5 6
github.com/moleculer-go/moleculer/registry/actionCatalog.go:57.54,59.2 1 12
github.com/moleculer-go/moleculer/registry/actionCatalog.go:61.47,63.2 1 5
github.com/moleculer-go/moleculer/registry/actionCatalog.go:66.91,71.2 4 14
github.com/moleculer-go/moleculer/registry/actionCatalog.go:73.109,75.2 0 7
github.com/moleculer-go/moleculer/registry/actionCatalog.go:78.65,79.57 1 3
github.com/moleculer-go/moleculer/registry/actionCatalog.go:79.57,81.34 2 9
github.com/moleculer-go/moleculer/registry/actionCatalog.go:86.3,86.52 1 9
github.com/moleculer-go/moleculer/registry/actionCatalog.go:81.34,82.37 1 9
github.com/moleculer-go/moleculer/registry/actionCatalog.go:82.37,84.5 1 6
github.com/moleculer-go/moleculer/registry/actionCatalog.go:90.72,96.33 4 0
github.com/moleculer-go/moleculer/registry/actionCatalog.go:101.2,101.25 1 0
github.com/moleculer-go/moleculer/registry/actionCatalog.go:96.33,97.36 1 0
github.com/moleculer-go/moleculer/registry/actionCatalog.go:97.36,99.4 1 0
github.com/moleculer-go/moleculer/registry/actionCatalog.go:104.97,106.33 2 3
github.com/moleculer-go/moleculer/registry/actionCatalog.go:111.2,111.12 1 1
github.com/moleculer-go/moleculer/registry/actionCatalog.go:106.33,107.36 1 5
github.com/moleculer-go/moleculer/registry/actionCatalog.go:107.36,109.4 1 2
github.com/moleculer-go/moleculer/registry/actionCatalog.go:115.97,118.37 3 17
github.com/moleculer-go/moleculer/registry/actionCatalog.go:122.2,122.52 1 17
github.com/moleculer-go/moleculer/registry/actionCatalog.go:126.2,126.12 1 4
github.com/moleculer-go/moleculer/registry/actionCatalog.go:118.37,120.3 1 13
github.com/moleculer-go/moleculer/registry/actionCatalog.go:122.52,125.3 2 13
github.com/moleculer-go/moleculer/registry/actionCatalog.go:129.48,131.2 1 5
github.com/moleculer-go/moleculer/registry/eventCatalog.go:19.52,21.2 1 0
github.com/moleculer-go/moleculer/registry/eventCatalog.go:23.46,25.2 1 0
github.com/moleculer-go/moleculer/registry/eventCatalog.go:27.74,28.34 1 0
github.com/moleculer-go/moleculer/registry/eventCatalog.go:28.34,30.3 1 0
github.com/moleculer-go/moleculer/registry/eventCatalog.go:33.79,41.2 6 0
github.com/moleculer-go/moleculer/registry/eventCatalog.go:49.58,53.2 3 4
github.com/moleculer-go/moleculer/registry/eventCatalog.go:56.87,61.2 4 1
github.com/moleculer-go/moleculer/registry/eventCatalog.go:63.103,65.2 0 0
github.com/moleculer-go/moleculer/registry/eventCatalog.go:67.70,70.32 3 0
github.com/moleculer-go/moleculer/registry/eventCatalog.go:75.2,75.37 1 0
github.com/moleculer-go/moleculer/registry/eventCatalog.go:70.32,71.35 1 0
github.com/moleculer-go/moleculer/registry/eventCatalog.go:71.35,73.4 1 0
github.com/moleculer-go/moleculer/registry/eventCatalog.go:78.61,79.39 1 0
github.com/moleculer-go/moleculer/registry/eventCatalog.go:82.2,82.31 1 0
github.com/moleculer-go/moleculer/registry/eventCatalog.go:87.2,87.14 1 0
github.com/moleculer-go/moleculer/registry/eventCatalog.go:79.39,81.3 1 0
github.com/moleculer-go/moleculer/registry/eventCatalog.go:82.31,83.29 1 0
github.com/moleculer-go/moleculer/registry/eventCatalog.go:83.29,85.4 1 0
github.com/moleculer-go/moleculer/registry/eventCatalog.go:90.49,91.30 1 0
github.com/moleculer-go/moleculer/registry/eventCatalog.go:96.2,96.12 1 0
github.com/moleculer-go/moleculer/registry/eventCatalog.go:91.30,92.21 1 0
github.com/moleculer-go/moleculer/registry/eventCatalog.go:92.21,94.4 1 0
github.com/moleculer-go/moleculer/registry/eventCatalog.go:100.107,104.31 4 0
github.com/moleculer-go/moleculer/registry/eventCatalog.go:109.2,111.38 3 0
github.com/moleculer-go/moleculer/registry/eventCatalog.go:128.2,128.30 1 0
github.com/moleculer-go/moleculer/registry/eventCatalog.go:132.2,132.15 1 0
github.com/moleculer-go/moleculer/registry/eventCatalog.go:104.31,105.38 1 0
github.com/moleculer-go/moleculer/registry/eventCatalog.go:105.38,107.4 1 0
github.com/moleculer-go/moleculer/registry/eventCatalog.go:111.38,113.47 2 0
github.com/moleculer-go/moleculer/registry/eventCatalog.go:113.47,115.4 1 0
github.com/moleculer-go/moleculer/registry/eventCatalog.go:115.9,115.31 1 0
github.com/moleculer-go/moleculer/registry/eventCatalog.go:115.31,117.4 1 0
github.com/moleculer-go/moleculer/registry/eventCatalog.go:117.9,117.30 1 0
github.com/moleculer-go/moleculer/registry/eventCatalog.go:117.30,119.38 2 0
github.com/moleculer-go/moleculer/registry/eventCatalog.go:122.4,122.54 1 0
github.com/moleculer-go/moleculer/registry/eventCatalog.go:119.38,121.5 1 0
github.com/moleculer-go/moleculer/registry/eventCatalog.go:122.54,125.5 2 0
github.com/moleculer-go/moleculer/registry/eventCatalog.go:128.30,130.3 1 0
github.com/moleculer-go/moleculer/registry/node.go:27.32,30.16 3 14
github.com/moleculer-go/moleculer/registry/node.go:33.2,33.32 1 14
github.com/moleculer-go/moleculer/registry/node.go:41.2,41.19 1 14
github.com/moleculer-go/moleculer/registry/node.go:44.2,44.15 1 14
github.com/moleculer-go/moleculer/registry/node.go:30.16,32.3 1 0
github.com/moleculer-go/moleculer/registry/node.go:33.32,35.70 1 112
github.com/moleculer-go/moleculer/registry/node.go:35.70,36.29 1 84
github.com/moleculer-go/moleculer/registry/node.go:36.29,38.5 1 14
github.com/moleculer-go/moleculer/registry/node.go:41.19,43.3 1 0
github.com/moleculer-go/moleculer/registry/node.go:47.32,50.2 2 14
github.com/moleculer-go/moleculer/registry/node.go:52.43,67.2 5 14
github.com/moleculer-go/moleculer/registry/node.go:69.60,71.19 2 4
github.com/moleculer-go/moleculer/registry/node.go:75.2,87.33 10 4
github.com/moleculer-go/moleculer/registry/node.go:90.2,96.20 5 4
github.com/moleculer-go/moleculer/registry/node.go:71.19,72.106 1 0
github.com/moleculer-go/moleculer/registry/node.go:87.33,89.3 1 4
github.com/moleculer-go/moleculer/registry/node.go:99.53,101.32 2 4
github.com/moleculer-go/moleculer/registry/node.go:104.2,104.15 1 4
github.com/moleculer-go/moleculer/registry/node.go:101.32,103.3 1 4
github.com/moleculer-go/moleculer/registry/node.go:109.56,120.2 10 17
github.com/moleculer-go/moleculer/registry/node.go:122.34,124.2 1 48
github.com/moleculer-go/moleculer/registry/node.go:125.57,127.2 1 12
github.com/moleculer-go/moleculer/registry/node.go:129.61,130.39 1 12
github.com/moleculer-go/moleculer/registry/node.go:133.2,134.40 2 0
github.com/moleculer-go/moleculer/registry/node.go:130.39,132.3 1 12
github.com/moleculer-go/moleculer/registry/node.go:137.63,138.23 1 1
github.com/moleculer-go/moleculer/registry/node.go:142.2,144.44 3 1
github.com/moleculer-go/moleculer/registry/node.go:138.23,141.3 2 0
github.com/moleculer-go/moleculer/registry/node.go:147.67,149.2 1 3
github.com/moleculer-go/moleculer/registry/node.go:151.62,153.2 1 3
github.com/moleculer-go/moleculer/registry/node.go:155.38,157.2 1 5
github.com/moleculer-go/moleculer/registry/node.go:159.34,161.2 1 0
github.com/moleculer-go/moleculer/registry/node.go:163.38,165.2 1 0
github.com/moleculer-go/moleculer/registry/nodeCatalog.go:17.40,21.2 3 3
github.com/moleculer-go/moleculer/registry/nodeCatalog.go:24.78,27.38 3 8
github.com/moleculer-go/moleculer/registry/nodeCatalog.go:31.2,31.14 1 7
github.com/moleculer-go/moleculer/registry/nodeCatalog.go:27.38,30.3 2 1
github.com/moleculer-go/moleculer/registry/nodeCatalog.go:35.82,37.37 2 6
github.com/moleculer-go/moleculer/registry/nodeCatalog.go:42.2,42.15 1 6
github.com/moleculer-go/moleculer/registry/nodeCatalog.go:37.37,38.30 1 12
github.com/moleculer-go/moleculer/registry/nodeCatalog.go:38.30,40.4 1 0
github.com/moleculer-go/moleculer/registry/nodeCatalog.go:46.76,49.2 2 16
github.com/moleculer-go/moleculer/registry/nodeCatalog.go:52.55,54.2 1 0
github.com/moleculer-go/moleculer/registry/nodeCatalog.go:57.76,61.12 4 13
github.com/moleculer-go/moleculer/registry/nodeCatalog.go:69.2,69.28 1 13
github.com/moleculer-go/moleculer/registry/nodeCatalog.go:61.12,63.3 1 4
github.com/moleculer-go/moleculer/registry/nodeCatalog.go:63.8,68.3 4 9
