mode: atomic
github.com/moleculer-go/moleculer/broker/broker.go:23.73,24.17 1 0
github.com/moleculer-go/moleculer/broker/broker.go:24.17,26.3 1 0
github.com/moleculer-go/moleculer/broker/broker.go:27.2,27.30 1 0
github.com/moleculer-go/moleculer/broker/broker.go:27.30,29.3 1 0
github.com/moleculer-go/moleculer/broker/broker.go:30.2,30.13 1 0
github.com/moleculer-go/moleculer/broker/broker.go:33.97,34.25 1 18
github.com/moleculer-go/moleculer/broker/broker.go:34.25,35.37 1 15
github.com/moleculer-go/moleculer/broker/broker.go:35.37,36.30 1 21
github.com/moleculer-go/moleculer/broker/broker.go:36.30,38.5 1 0
github.com/moleculer-go/moleculer/broker/broker.go:40.4,40.29 1 21
github.com/moleculer-go/moleculer/broker/broker.go:40.29,42.5 1 11
github.com/moleculer-go/moleculer/broker/broker.go:43.4,43.30 1 21
github.com/moleculer-go/moleculer/broker/broker.go:43.30,45.5 1 0
github.com/moleculer-go/moleculer/broker/broker.go:46.4,46.36 1 21
github.com/moleculer-go/moleculer/broker/broker.go:46.36,48.5 1 8
github.com/moleculer-go/moleculer/broker/broker.go:49.4,49.32 1 21
github.com/moleculer-go/moleculer/broker/broker.go:49.32,51.5 1 0
github.com/moleculer-go/moleculer/broker/broker.go:52.4,52.40 1 21
github.com/moleculer-go/moleculer/broker/broker.go:52.40,54.5 1 8
github.com/moleculer-go/moleculer/broker/broker.go:55.4,55.37 1 21
github.com/moleculer-go/moleculer/broker/broker.go:55.37,57.5 1 0
github.com/moleculer-go/moleculer/broker/broker.go:58.4,58.46 1 21
github.com/moleculer-go/moleculer/broker/broker.go:58.46,60.5 1 0
github.com/moleculer-go/moleculer/broker/broker.go:61.4,61.38 1 21
github.com/moleculer-go/moleculer/broker/broker.go:61.38,63.5 1 0
github.com/moleculer-go/moleculer/broker/broker.go:64.4,64.36 1 21
github.com/moleculer-go/moleculer/broker/broker.go:64.36,66.5 1 0
github.com/moleculer-go/moleculer/broker/broker.go:67.4,67.41 1 21
github.com/moleculer-go/moleculer/broker/broker.go:67.41,69.5 1 0
github.com/moleculer-go/moleculer/broker/broker.go:70.4,70.34 1 21
github.com/moleculer-go/moleculer/broker/broker.go:70.34,72.5 1 0
github.com/moleculer-go/moleculer/broker/broker.go:73.4,73.42 1 21
github.com/moleculer-go/moleculer/broker/broker.go:73.42,75.5 1 0
github.com/moleculer-go/moleculer/broker/broker.go:76.4,76.46 1 21
github.com/moleculer-go/moleculer/broker/broker.go:76.46,78.5 1 0
github.com/moleculer-go/moleculer/broker/broker.go:79.4,79.33 1 21
github.com/moleculer-go/moleculer/broker/broker.go:79.33,81.5 1 3
github.com/moleculer-go/moleculer/broker/broker.go:82.4,82.30 1 21
github.com/moleculer-go/moleculer/broker/broker.go:82.30,84.5 1 0
github.com/moleculer-go/moleculer/broker/broker.go:85.4,85.34 1 21
github.com/moleculer-go/moleculer/broker/broker.go:85.34,87.5 1 0
github.com/moleculer-go/moleculer/broker/broker.go:88.4,88.32 1 21
github.com/moleculer-go/moleculer/broker/broker.go:88.32,90.5 1 2
github.com/moleculer-go/moleculer/broker/broker.go:91.4,91.33 1 21
github.com/moleculer-go/moleculer/broker/broker.go:91.33,93.5 1 0
github.com/moleculer-go/moleculer/broker/broker.go:94.4,94.32 1 21
github.com/moleculer-go/moleculer/broker/broker.go:94.32,96.5 1 0
github.com/moleculer-go/moleculer/broker/broker.go:97.4,97.22 1 21
github.com/moleculer-go/moleculer/broker/broker.go:97.22,99.5 1 1
github.com/moleculer-go/moleculer/broker/broker.go:100.4,100.30 1 21
github.com/moleculer-go/moleculer/broker/broker.go:100.30,102.5 1 0
github.com/moleculer-go/moleculer/broker/broker.go:103.4,103.38 1 21
github.com/moleculer-go/moleculer/broker/broker.go:103.38,105.5 1 0
github.com/moleculer-go/moleculer/broker/broker.go:106.4,106.41 1 21
github.com/moleculer-go/moleculer/broker/broker.go:106.41,108.5 1 3
github.com/moleculer-go/moleculer/broker/broker.go:109.4,109.36 1 21
github.com/moleculer-go/moleculer/broker/broker.go:109.36,111.5 1 2
github.com/moleculer-go/moleculer/broker/broker.go:112.4,112.45 1 21
github.com/moleculer-go/moleculer/broker/broker.go:112.45,114.5 1 0
github.com/moleculer-go/moleculer/broker/broker.go:115.4,115.29 1 21
github.com/moleculer-go/moleculer/broker/broker.go:115.29,117.5 1 0
github.com/moleculer-go/moleculer/broker/broker.go:118.4,118.29 1 21
github.com/moleculer-go/moleculer/broker/broker.go:118.29,120.5 1 0
github.com/moleculer-go/moleculer/broker/broker.go:121.4,121.29 1 21
github.com/moleculer-go/moleculer/broker/broker.go:121.29,123.5 1 0
github.com/moleculer-go/moleculer/broker/broker.go:124.4,124.32 1 21
github.com/moleculer-go/moleculer/broker/broker.go:124.32,126.5 1 0
github.com/moleculer-go/moleculer/broker/broker.go:129.2,129.19 1 18
github.com/moleculer-go/moleculer/broker/broker.go:166.54,168.2 1 307
github.com/moleculer-go/moleculer/broker/broker.go:171.64,175.2 3 21
github.com/moleculer-go/moleculer/broker/broker.go:179.71,180.69 1 40
github.com/moleculer-go/moleculer/broker/broker.go:180.69,182.9 2 0
github.com/moleculer-go/moleculer/broker/broker.go:182.9,184.10 2 0
github.com/moleculer-go/moleculer/broker/broker.go:184.10,186.11 2 0
github.com/moleculer-go/moleculer/broker/broker.go:186.11,188.6 1 0
github.com/moleculer-go/moleculer/broker/broker.go:188.11,190.6 1 0
github.com/moleculer-go/moleculer/broker/broker.go:193.4,194.10 2 0
github.com/moleculer-go/moleculer/broker/broker.go:194.10,196.11 2 0
github.com/moleculer-go/moleculer/broker/broker.go:196.11,198.6 1 0
github.com/moleculer-go/moleculer/broker/broker.go:198.11,200.6 1 0
github.com/moleculer-go/moleculer/broker/broker.go:202.9,204.4 1 0
github.com/moleculer-go/moleculer/broker/broker.go:210.65,225.2 7 40
github.com/moleculer-go/moleculer/broker/broker.go:228.76,229.38 1 40
github.com/moleculer-go/moleculer/broker/broker.go:229.38,231.3 1 32
github.com/moleculer-go/moleculer/broker/broker.go:232.2,233.6 2 8
github.com/moleculer-go/moleculer/broker/broker.go:233.6,234.22 1 8
github.com/moleculer-go/moleculer/broker/broker.go:234.22,235.9 1 8
github.com/moleculer-go/moleculer/broker/broker.go:237.3,238.53 2 0
github.com/moleculer-go/moleculer/broker/broker.go:238.53,240.14 2 0
github.com/moleculer-go/moleculer/broker/broker.go:240.14,242.10 2 0
github.com/moleculer-go/moleculer/broker/broker.go:245.3,245.12 1 0
github.com/moleculer-go/moleculer/broker/broker.go:245.12,247.9 2 0
github.com/moleculer-go/moleculer/broker/broker.go:249.3,249.67 1 0
github.com/moleculer-go/moleculer/broker/broker.go:249.67,251.9 2 0
github.com/moleculer-go/moleculer/broker/broker.go:253.3,253.31 1 0
github.com/moleculer-go/moleculer/broker/broker.go:257.86,259.2 1 23
github.com/moleculer-go/moleculer/broker/broker.go:261.62,262.56 1 18
github.com/moleculer-go/moleculer/broker/broker.go:262.56,264.3 1 0
github.com/moleculer-go/moleculer/broker/broker.go:264.8,270.3 1 18
github.com/moleculer-go/moleculer/broker/broker.go:272.2,272.55 1 18
github.com/moleculer-go/moleculer/broker/broker.go:272.55,274.3 1 0
github.com/moleculer-go/moleculer/broker/broker.go:274.8,274.63 1 18
github.com/moleculer-go/moleculer/broker/broker.go:274.63,276.3 1 0
github.com/moleculer-go/moleculer/broker/broker.go:276.8,276.63 1 18
github.com/moleculer-go/moleculer/broker/broker.go:276.63,278.3 1 0
github.com/moleculer-go/moleculer/broker/broker.go:278.8,278.63 1 18
github.com/moleculer-go/moleculer/broker/broker.go:278.63,280.3 1 9
github.com/moleculer-go/moleculer/broker/broker.go:280.8,280.63 1 9
github.com/moleculer-go/moleculer/broker/broker.go:280.63,282.3 1 2
github.com/moleculer-go/moleculer/broker/broker.go:282.8,284.3 1 7
github.com/moleculer-go/moleculer/broker/broker.go:286.2,290.21 2 18
github.com/moleculer-go/moleculer/broker/broker.go:294.63,297.39 3 30
github.com/moleculer-go/moleculer/broker/broker.go:297.39,299.3 1 13
github.com/moleculer-go/moleculer/broker/broker.go:300.2,300.145 1 30
github.com/moleculer-go/moleculer/broker/broker.go:304.93,306.15 2 20
github.com/moleculer-go/moleculer/broker/broker.go:306.15,308.9 2 6
github.com/moleculer-go/moleculer/broker/broker.go:308.9,311.4 2 1
github.com/moleculer-go/moleculer/broker/broker.go:314.2,314.25 1 20
github.com/moleculer-go/moleculer/broker/broker.go:318.87,322.15 2 20
github.com/moleculer-go/moleculer/broker/broker.go:322.15,324.17 2 5
github.com/moleculer-go/moleculer/broker/broker.go:324.17,326.4 1 3
github.com/moleculer-go/moleculer/broker/broker.go:327.3,327.18 1 2
github.com/moleculer-go/moleculer/broker/broker.go:329.2,329.58 1 15
github.com/moleculer-go/moleculer/broker/broker.go:333.64,334.31 1 2
github.com/moleculer-go/moleculer/broker/broker.go:334.31,335.52 1 2
github.com/moleculer-go/moleculer/broker/broker.go:335.52,337.4 1 0
github.com/moleculer-go/moleculer/broker/broker.go:339.2,339.12 1 2
github.com/moleculer-go/moleculer/broker/broker.go:343.66,344.31 1 2
github.com/moleculer-go/moleculer/broker/broker.go:344.31,345.52 1 2
github.com/moleculer-go/moleculer/broker/broker.go:345.52,347.4 1 0
github.com/moleculer-go/moleculer/broker/broker.go:349.2,349.12 1 2
github.com/moleculer-go/moleculer/broker/broker.go:352.61,354.2 1 0
github.com/moleculer-go/moleculer/broker/broker.go:357.70,358.33 1 0
github.com/moleculer-go/moleculer/broker/broker.go:358.33,359.51 1 0
github.com/moleculer-go/moleculer/broker/broker.go:359.51,361.4 1 0
github.com/moleculer-go/moleculer/broker/broker.go:363.2,363.12 1 0
github.com/moleculer-go/moleculer/broker/broker.go:367.67,369.6 2 2
github.com/moleculer-go/moleculer/broker/broker.go:369.6,370.43 1 2
github.com/moleculer-go/moleculer/broker/broker.go:370.43,371.9 1 2
github.com/moleculer-go/moleculer/broker/broker.go:373.3,373.67 1 0
github.com/moleculer-go/moleculer/broker/broker.go:373.67,380.4 5 0
github.com/moleculer-go/moleculer/broker/broker.go:381.3,381.31 1 0
github.com/moleculer-go/moleculer/broker/broker.go:383.2,383.12 1 2
github.com/moleculer-go/moleculer/broker/broker.go:387.62,389.6 2 0
github.com/moleculer-go/moleculer/broker/broker.go:389.6,390.41 1 0
github.com/moleculer-go/moleculer/broker/broker.go:390.41,391.9 1 0
github.com/moleculer-go/moleculer/broker/broker.go:393.3,393.67 1 0
github.com/moleculer-go/moleculer/broker/broker.go:393.67,397.4 3 0
github.com/moleculer-go/moleculer/broker/broker.go:398.3,398.31 1 0
github.com/moleculer-go/moleculer/broker/broker.go:400.2,400.12 1 0
github.com/moleculer-go/moleculer/broker/broker.go:404.63,406.6 2 2
github.com/moleculer-go/moleculer/broker/broker.go:406.6,407.39 1 30
github.com/moleculer-go/moleculer/broker/broker.go:407.39,408.9 1 2
github.com/moleculer-go/moleculer/broker/broker.go:410.3,410.67 1 28
github.com/moleculer-go/moleculer/broker/broker.go:410.67,414.4 3 0
github.com/moleculer-go/moleculer/broker/broker.go:415.3,415.31 1 28
github.com/moleculer-go/moleculer/broker/broker.go:417.2,417.12 1 2
github.com/moleculer-go/moleculer/broker/broker.go:422.63,423.32 1 20
github.com/moleculer-go/moleculer/broker/broker.go:423.32,425.17 2 20
github.com/moleculer-go/moleculer/broker/broker.go:425.17,426.74 1 3
github.com/moleculer-go/moleculer/broker/broker.go:428.3,428.25 1 17
github.com/moleculer-go/moleculer/broker/broker.go:432.38,433.24 1 13
github.com/moleculer-go/moleculer/broker/broker.go:433.24,436.3 2 0
github.com/moleculer-go/moleculer/broker/broker.go:437.2,446.43 7 13
github.com/moleculer-go/moleculer/broker/broker.go:446.43,449.3 2 13
github.com/moleculer-go/moleculer/broker/broker.go:451.2,451.42 1 13
github.com/moleculer-go/moleculer/broker/broker.go:451.42,453.3 1 14
github.com/moleculer-go/moleculer/broker/broker.go:455.2,455.43 1 13
github.com/moleculer-go/moleculer/broker/broker.go:455.43,457.3 1 13
github.com/moleculer-go/moleculer/broker/broker.go:459.2,466.103 6 13
github.com/moleculer-go/moleculer/broker/broker.go:469.37,470.21 1 10
github.com/moleculer-go/moleculer/broker/broker.go:470.21,473.3 2 0
github.com/moleculer-go/moleculer/broker/broker.go:474.2,478.42 3 10
github.com/moleculer-go/moleculer/broker/broker.go:478.42,480.3 1 21
github.com/moleculer-go/moleculer/broker/broker.go:482.2,487.68 4 10
github.com/moleculer-go/moleculer/broker/broker.go:495.129,496.24 1 2
github.com/moleculer-go/moleculer/broker/broker.go:496.24,499.3 2 0
github.com/moleculer-go/moleculer/broker/broker.go:501.2,502.39 2 2
github.com/moleculer-go/moleculer/broker/broker.go:502.39,503.80 1 8
github.com/moleculer-go/moleculer/broker/broker.go:503.80,506.4 2 8
github.com/moleculer-go/moleculer/broker/broker.go:509.2,510.33 2 2
github.com/moleculer-go/moleculer/broker/broker.go:510.33,513.3 2 2
github.com/moleculer-go/moleculer/broker/broker.go:515.2,516.6 2 2
github.com/moleculer-go/moleculer/broker/broker.go:516.6,517.10 1 8
github.com/moleculer-go/moleculer/broker/broker.go:518.29,520.37 2 8
github.com/moleculer-go/moleculer/broker/broker.go:520.37,523.5 2 2
github.com/moleculer-go/moleculer/broker/broker.go:524.22,527.35 3 0
github.com/moleculer-go/moleculer/broker/broker.go:527.35,528.45 1 0
github.com/moleculer-go/moleculer/broker/broker.go:528.45,530.6 1 0
github.com/moleculer-go/moleculer/broker/broker.go:532.4,533.10 2 0
github.com/moleculer-go/moleculer/broker/broker.go:539.114,543.2 3 2
github.com/moleculer-go/moleculer/broker/broker.go:546.124,548.25 2 22
github.com/moleculer-go/moleculer/broker/broker.go:548.25,549.69 1 0
github.com/moleculer-go/moleculer/broker/broker.go:551.2,552.64 2 22
github.com/moleculer-go/moleculer/broker/broker.go:555.87,557.25 2 2
github.com/moleculer-go/moleculer/broker/broker.go:557.25,558.71 1 0
github.com/moleculer-go/moleculer/broker/broker.go:560.2,561.46 2 2
github.com/moleculer-go/moleculer/broker/broker.go:564.92,566.25 2 3
github.com/moleculer-go/moleculer/broker/broker.go:566.25,567.76 1 0
github.com/moleculer-go/moleculer/broker/broker.go:569.2,570.44 2 3
github.com/moleculer-go/moleculer/broker/broker.go:573.47,575.2 1 67
github.com/moleculer-go/moleculer/broker/broker.go:577.78,579.2 1 0
github.com/moleculer-go/moleculer/broker/broker.go:581.57,583.2 1 402
github.com/moleculer-go/moleculer/broker/broker.go:585.78,587.2 1 251
github.com/moleculer-go/moleculer/broker/broker.go:589.46,592.74 2 18
github.com/moleculer-go/moleculer/broker/broker.go:592.75,594.3 0 64
github.com/moleculer-go/moleculer/broker/broker.go:597.52,599.50 2 18
github.com/moleculer-go/moleculer/broker/broker.go:599.50,601.3 1 3
github.com/moleculer-go/moleculer/broker/broker.go:602.2,602.47 1 18
github.com/moleculer-go/moleculer/broker/broker.go:602.47,604.3 1 15
github.com/moleculer-go/moleculer/broker/broker.go:607.60,609.2 1 15
github.com/moleculer-go/moleculer/broker/broker.go:611.37,621.16 7 18
github.com/moleculer-go/moleculer/broker/broker.go:621.16,624.3 2 0
github.com/moleculer-go/moleculer/broker/broker.go:625.2,630.62 5 18
github.com/moleculer-go/moleculer/broker/broker.go:634.75,641.29 1 18
github.com/moleculer-go/moleculer/broker/broker.go:641.29,643.4 1 24
github.com/moleculer-go/moleculer/broker/broker.go:644.107,646.4 1 13
github.com/moleculer-go/moleculer/broker/broker.go:647.52,649.4 1 17
github.com/moleculer-go/moleculer/broker/broker.go:650.57,652.4 1 0
github.com/moleculer-go/moleculer/broker/broker.go:653.60,655.4 1 22
github.com/moleculer-go/moleculer/broker/broker.go:656.66,658.19 2 0
github.com/moleculer-go/moleculer/broker/broker.go:658.19,660.30 2 0
github.com/moleculer-go/moleculer/broker/broker.go:660.30,662.6 1 0
github.com/moleculer-go/moleculer/broker/broker.go:663.5,663.18 1 0
github.com/moleculer-go/moleculer/broker/broker.go:665.4,665.14 1 0
github.com/moleculer-go/moleculer/broker/broker.go:667.106,669.4 1 0
github.com/moleculer-go/moleculer/broker/broker.go:670.49,672.4 1 0
github.com/moleculer-go/moleculer/broker/broker.go:681.58,686.2 4 18
github.com/moleculer-go/moleculer/cli/main.go:11.96,13.2 1 0
github.com/moleculer-go/moleculer/context/contextFactory.go:32.79,43.2 4 12
github.com/moleculer-go/moleculer/context/contextFactory.go:46.144,49.35 3 4
github.com/moleculer-go/moleculer/context/contextFactory.go:49.35,51.3 1 1
github.com/moleculer-go/moleculer/context/contextFactory.go:52.2,54.35 3 4
github.com/moleculer-go/moleculer/context/contextFactory.go:54.35,56.3 1 0
github.com/moleculer-go/moleculer/context/contextFactory.go:56.8,58.3 1 4
github.com/moleculer-go/moleculer/context/contextFactory.go:59.2,60.35 2 4
github.com/moleculer-go/moleculer/context/contextFactory.go:60.35,62.3 1 0
github.com/moleculer-go/moleculer/context/contextFactory.go:63.2,76.22 2 4
github.com/moleculer-go/moleculer/context/contextFactory.go:80.70,82.2 1 0
github.com/moleculer-go/moleculer/context/contextFactory.go:85.140,88.35 3 5
github.com/moleculer-go/moleculer/context/contextFactory.go:88.35,90.3 1 3
github.com/moleculer-go/moleculer/context/contextFactory.go:91.2,91.68 1 5
github.com/moleculer-go/moleculer/context/contextFactory.go:91.68,93.3 1 0
github.com/moleculer-go/moleculer/context/contextFactory.go:94.2,96.35 3 5
github.com/moleculer-go/moleculer/context/contextFactory.go:96.35,98.3 1 1
github.com/moleculer-go/moleculer/context/contextFactory.go:98.8,100.3 1 4
github.com/moleculer-go/moleculer/context/contextFactory.go:101.2,102.35 2 5
github.com/moleculer-go/moleculer/context/contextFactory.go:102.35,104.3 1 0
github.com/moleculer-go/moleculer/context/contextFactory.go:105.2,116.23 2 5
github.com/moleculer-go/moleculer/context/contextFactory.go:120.110,128.15 7 3
github.com/moleculer-go/moleculer/context/contextFactory.go:128.15,129.80 1 1
github.com/moleculer-go/moleculer/context/contextFactory.go:131.2,134.37 3 2
github.com/moleculer-go/moleculer/context/contextFactory.go:134.37,135.30 1 2
github.com/moleculer-go/moleculer/context/contextFactory.go:135.30,137.4 1 2
github.com/moleculer-go/moleculer/context/contextFactory.go:143.2,145.30 2 2
github.com/moleculer-go/moleculer/context/contextFactory.go:145.30,147.3 1 2
github.com/moleculer-go/moleculer/context/contextFactory.go:148.2,148.27 1 2
github.com/moleculer-go/moleculer/context/contextFactory.go:148.27,150.3 1 2
github.com/moleculer-go/moleculer/context/contextFactory.go:150.8,152.3 1 0
github.com/moleculer-go/moleculer/context/contextFactory.go:154.2,167.20 2 2
github.com/moleculer-go/moleculer/context/contextFactory.go:171.109,175.31 4 2
github.com/moleculer-go/moleculer/context/contextFactory.go:175.31,177.3 1 2
github.com/moleculer-go/moleculer/context/contextFactory.go:178.2,179.14 2 2
github.com/moleculer-go/moleculer/context/contextFactory.go:179.14,180.79 1 1
github.com/moleculer-go/moleculer/context/contextFactory.go:182.2,182.27 1 1
github.com/moleculer-go/moleculer/context/contextFactory.go:182.27,184.3 1 0
github.com/moleculer-go/moleculer/context/contextFactory.go:184.8,186.3 1 1
github.com/moleculer-go/moleculer/context/contextFactory.go:187.2,196.29 2 1
github.com/moleculer-go/moleculer/context/contextFactory.go:196.29,199.26 3 1
github.com/moleculer-go/moleculer/context/contextFactory.go:199.26,202.36 3 1
github.com/moleculer-go/moleculer/context/contextFactory.go:202.36,204.5 1 2
github.com/moleculer-go/moleculer/context/contextFactory.go:205.4,205.31 1 1
github.com/moleculer-go/moleculer/context/contextFactory.go:208.2,208.20 1 1
github.com/moleculer-go/moleculer/context/contextFactory.go:211.44,213.2 1 1
github.com/moleculer-go/moleculer/context/contextFactory.go:215.44,217.2 1 2
github.com/moleculer-go/moleculer/context/contextFactory.go:220.56,224.42 3 3
github.com/moleculer-go/moleculer/context/contextFactory.go:224.42,226.3 1 0
github.com/moleculer-go/moleculer/context/contextFactory.go:228.2,237.30 8 3
github.com/moleculer-go/moleculer/context/contextFactory.go:237.30,241.3 3 2
github.com/moleculer-go/moleculer/context/contextFactory.go:242.2,242.29 1 3
github.com/moleculer-go/moleculer/context/contextFactory.go:242.29,248.3 5 1
github.com/moleculer-go/moleculer/context/contextFactory.go:251.2,254.18 2 3
github.com/moleculer-go/moleculer/context/contextFactory.go:257.109,259.2 1 1
github.com/moleculer-go/moleculer/context/contextFactory.go:263.119,266.2 2 1
github.com/moleculer-go/moleculer/context/contextFactory.go:269.86,273.2 3 1
github.com/moleculer-go/moleculer/context/contextFactory.go:276.91,279.2 2 1
github.com/moleculer-go/moleculer/context/contextFactory.go:281.59,283.2 1 0
github.com/moleculer-go/moleculer/context/contextFactory.go:285.58,287.2 1 1
github.com/moleculer-go/moleculer/context/contextFactory.go:289.45,291.2 1 2
github.com/moleculer-go/moleculer/context/contextFactory.go:293.44,295.2 1 1
github.com/moleculer-go/moleculer/context/contextFactory.go:297.43,299.2 1 1
github.com/moleculer-go/moleculer/context/contextFactory.go:301.53,303.2 1 3
github.com/moleculer-go/moleculer/context/contextFactory.go:305.62,308.2 2 1
github.com/moleculer-go/moleculer/context/contextFactory.go:310.47,312.2 1 1
github.com/moleculer-go/moleculer/context/contextFactory.go:314.47,316.2 1 0
github.com/moleculer-go/moleculer/context/contextFactory.go:318.37,320.2 1 3
github.com/moleculer-go/moleculer/context/contextFactory.go:322.50,324.2 1 8
github.com/moleculer-go/moleculer/context/contextFactory.go:326.60,328.2 1 0
github.com/moleculer-go/moleculer/context/contextFactory.go:330.45,331.30 1 6
github.com/moleculer-go/moleculer/context/contextFactory.go:331.30,333.3 1 2
github.com/moleculer-go/moleculer/context/contextFactory.go:334.2,334.29 1 4
github.com/moleculer-go/moleculer/context/contextFactory.go:334.29,336.3 1 1
github.com/moleculer-go/moleculer/context/contextFactory.go:337.2,337.51 1 3
github.com/moleculer-go/moleculer/context/contextFactory.go:340.41,342.2 1 1
github.com/moleculer-go/moleculer/examples/math/math.service.go:10.46,12.2 1 2
github.com/moleculer-go/moleculer/examples/math/math.service.go:41.68,43.3 1 1
github.com/moleculer-go/moleculer/examples/math/math.service.go:44.78,46.3 1 1
github.com/moleculer-go/moleculer/examples/math/math.service.go:47.78,49.3 1 0
github.com/moleculer-go/moleculer/examples/math/math.service.go:52.66,55.2 2 0
github.com/moleculer-go/moleculer/examples/math/math.service.go:57.66,60.2 2 0
github.com/moleculer-go/moleculer/examples/math/math.service.go:62.81,77.2 7 1
github.com/moleculer-go/moleculer/examples/math/math.service.go:79.82,84.26 4 0
github.com/moleculer-go/moleculer/examples/math/math.service.go:84.26,92.3 2 0
github.com/moleculer-go/moleculer/examples/math/math.service.go:94.2,100.15 2 0
github.com/moleculer-go/moleculer/examples/math/math.service.go:103.81,114.2 5 0
github.com/moleculer-go/moleculer/examples/math/math.service.go:116.49,123.2 6 0
github.com/moleculer-go/moleculer/metrics/metrics.go:12.81,14.43 2 2
github.com/moleculer-go/moleculer/metrics/metrics.go:14.43,16.3 1 1
github.com/moleculer-go/moleculer/metrics/metrics.go:18.2,24.22 6 1
github.com/moleculer-go/moleculer/metrics/metrics.go:24.22,28.3 1 1
github.com/moleculer-go/moleculer/metrics/metrics.go:29.2,29.48 1 1
github.com/moleculer-go/moleculer/metrics/metrics.go:32.51,36.2 3 2
github.com/moleculer-go/moleculer/metrics/metrics.go:39.83,42.49 3 3
github.com/moleculer-go/moleculer/metrics/metrics.go:42.49,44.3 1 3
github.com/moleculer-go/moleculer/metrics/metrics.go:45.2,47.41 3 3
github.com/moleculer-go/moleculer/metrics/metrics.go:47.41,49.3 1 0
github.com/moleculer-go/moleculer/metrics/metrics.go:49.8,52.3 2 3
github.com/moleculer-go/moleculer/metrics/metrics.go:53.2,54.14 2 3
github.com/moleculer-go/moleculer/metrics/metrics.go:54.14,59.3 4 3
github.com/moleculer-go/moleculer/metrics/metrics.go:60.2,60.19 1 3
github.com/moleculer-go/moleculer/metrics/metrics.go:64.93,66.52 2 4
github.com/moleculer-go/moleculer/metrics/metrics.go:66.52,67.43 1 19
github.com/moleculer-go/moleculer/metrics/metrics.go:67.43,69.44 2 17
github.com/moleculer-go/moleculer/metrics/metrics.go:69.44,73.5 2 4
github.com/moleculer-go/moleculer/metrics/metrics.go:75.3,75.15 1 15
github.com/moleculer-go/moleculer/metrics/metrics.go:80.42,85.65 3 0
github.com/moleculer-go/moleculer/metrics/metrics.go:85.65,89.4 3 0
github.com/moleculer-go/moleculer/metrics/metrics.go:90.75,94.29 4 0
github.com/moleculer-go/moleculer/metrics/metrics.go:94.29,96.5 1 0
github.com/moleculer-go/moleculer/metrics/metrics.go:97.4,97.10 1 0
github.com/moleculer-go/moleculer/metrics/metrics.go:99.76,101.29 2 0
github.com/moleculer-go/moleculer/metrics/metrics.go:101.29,103.5 1 0
github.com/moleculer-go/moleculer/metrics/metrics.go:104.4,104.10 1 0
github.com/moleculer-go/moleculer/metrics/transport_metrics.go:19.126,26.2 1 0
github.com/moleculer-go/moleculer/metrics/transport_metrics.go:29.62,30.26 1 0
github.com/moleculer-go/moleculer/metrics/transport_metrics.go:30.26,32.3 1 0
github.com/moleculer-go/moleculer/metrics/transport_metrics.go:35.2,36.25 2 0
github.com/moleculer-go/moleculer/metrics/transport_metrics.go:36.25,38.3 1 0
github.com/moleculer-go/moleculer/metrics/transport_metrics.go:41.2,57.30 5 0
github.com/moleculer-go/moleculer/metrics/transport_metrics.go:61.87,63.12 2 0
github.com/moleculer-go/moleculer/metrics/transport_metrics.go:63.12,65.7 2 0
github.com/moleculer-go/moleculer/metrics/transport_metrics.go:65.7,66.11 1 0
github.com/moleculer-go/moleculer/metrics/transport_metrics.go:67.20,68.31 1 0
github.com/moleculer-go/moleculer/metrics/transport_metrics.go:75.124,86.28 2 0
github.com/moleculer-go/moleculer/metrics/transport_metrics.go:86.28,88.3 1 0
github.com/moleculer-go/moleculer/metrics/transport_metrics.go:90.2,90.84 1 0
github.com/moleculer-go/moleculer/metrics/transport_metrics.go:94.119,105.28 2 0
github.com/moleculer-go/moleculer/metrics/transport_metrics.go:105.28,107.3 1 0
github.com/moleculer-go/moleculer/metrics/transport_metrics.go:109.2,109.80 1 0
github.com/moleculer-go/moleculer/metrics/transport_metrics.go:113.65,114.26 1 0
github.com/moleculer-go/moleculer/metrics/transport_metrics.go:114.26,116.3 1 0
github.com/moleculer-go/moleculer/metrics/transport_metrics.go:118.2,119.18 2 0
github.com/moleculer-go/moleculer/metrics/transport_metrics.go:119.18,121.3 1 0
github.com/moleculer-go/moleculer/metrics/transport_metrics.go:123.2,123.53 1 0
github.com/moleculer-go/moleculer/metrics/transport_metrics.go:123.53,125.3 1 0
github.com/moleculer-go/moleculer/metrics/transport_metrics.go:127.2,127.18 1 0
github.com/moleculer-go/moleculer/middleware/middleware.go:18.46,21.2 2 1
github.com/moleculer-go/moleculer/middleware/middleware.go:26.58,27.37 1 3
github.com/moleculer-go/moleculer/middleware/middleware.go:27.37,28.19 1 26
github.com/moleculer-go/moleculer/middleware/middleware.go:28.19,30.4 1 3
github.com/moleculer-go/moleculer/middleware/middleware.go:32.2,32.14 1 0
github.com/moleculer-go/moleculer/middleware/middleware.go:35.61,36.36 1 3
github.com/moleculer-go/moleculer/middleware/middleware.go:36.36,37.34 1 3
github.com/moleculer-go/moleculer/middleware/middleware.go:37.34,39.4 1 3
github.com/moleculer-go/moleculer/middleware/middleware.go:43.49,46.2 2 0
github.com/moleculer-go/moleculer/middleware/middleware.go:49.150,50.40 1 3
github.com/moleculer-go/moleculer/middleware/middleware.go:50.40,53.34 3 3
github.com/moleculer-go/moleculer/middleware/middleware.go:53.34,55.46 2 1
github.com/moleculer-go/moleculer/middleware/middleware.go:55.46,57.5 1 0
github.com/moleculer-go/moleculer/middleware/middleware.go:57.10,59.5 1 1
github.com/moleculer-go/moleculer/middleware/middleware.go:60.4,60.83 1 1
github.com/moleculer-go/moleculer/middleware/middleware.go:61.9,62.46 1 2
github.com/moleculer-go/moleculer/middleware/middleware.go:62.46,64.5 1 1
github.com/moleculer-go/moleculer/middleware/middleware.go:64.10,66.5 1 1
github.com/moleculer-go/moleculer/middleware/middleware.go:72.85,74.23 2 2
github.com/moleculer-go/moleculer/middleware/middleware.go:74.23,77.13 3 2
github.com/moleculer-go/moleculer/middleware/middleware.go:77.13,80.4 1 2
github.com/moleculer-go/moleculer/middleware/middleware.go:81.3,81.18 1 2
github.com/moleculer-go/moleculer/middleware/middleware.go:82.8,84.3 1 0
github.com/moleculer-go/moleculer/middleware/middleware.go:85.2,85.15 1 0
github.com/moleculer-go/moleculer/payload/arrayTransformers.go:24.43,26.4 1 1
github.com/moleculer-go/moleculer/payload/arrayTransformers.go:27.41,29.4 1 0
github.com/moleculer-go/moleculer/payload/arrayTransformers.go:30.33,32.4 1 0
github.com/moleculer-go/moleculer/payload/arrayTransformers.go:36.43,39.41 3 4
github.com/moleculer-go/moleculer/payload/arrayTransformers.go:39.41,41.5 1 12
github.com/moleculer-go/moleculer/payload/arrayTransformers.go:42.4,42.17 1 4
github.com/moleculer-go/moleculer/payload/arrayTransformers.go:44.41,46.4 1 0
github.com/moleculer-go/moleculer/payload/arrayTransformers.go:47.33,49.4 1 0
github.com/moleculer-go/moleculer/payload/arrayTransformers.go:53.43,56.41 3 3
github.com/moleculer-go/moleculer/payload/arrayTransformers.go:56.41,58.5 1 9
github.com/moleculer-go/moleculer/payload/arrayTransformers.go:59.4,59.17 1 3
github.com/moleculer-go/moleculer/payload/arrayTransformers.go:61.41,63.4 1 0
github.com/moleculer-go/moleculer/payload/arrayTransformers.go:64.33,66.4 1 0
github.com/moleculer-go/moleculer/payload/arrayTransformers.go:70.43,73.41 3 0
github.com/moleculer-go/moleculer/payload/arrayTransformers.go:73.41,75.5 1 0
github.com/moleculer-go/moleculer/payload/arrayTransformers.go:76.4,76.17 1 0
github.com/moleculer-go/moleculer/payload/arrayTransformers.go:78.41,80.4 1 0
github.com/moleculer-go/moleculer/payload/arrayTransformers.go:81.33,83.4 1 0
github.com/moleculer-go/moleculer/payload/arrayTransformers.go:87.43,90.41 3 2
github.com/moleculer-go/moleculer/payload/arrayTransformers.go:90.41,92.5 1 6
github.com/moleculer-go/moleculer/payload/arrayTransformers.go:93.4,93.17 1 2
github.com/moleculer-go/moleculer/payload/arrayTransformers.go:95.41,97.4 1 0
github.com/moleculer-go/moleculer/payload/arrayTransformers.go:98.33,100.4 1 0
github.com/moleculer-go/moleculer/payload/arrayTransformers.go:104.43,107.41 3 2
github.com/moleculer-go/moleculer/payload/arrayTransformers.go:107.41,109.5 1 6
github.com/moleculer-go/moleculer/payload/arrayTransformers.go:110.4,110.17 1 2
github.com/moleculer-go/moleculer/payload/arrayTransformers.go:112.41,114.4 1 0
github.com/moleculer-go/moleculer/payload/arrayTransformers.go:115.33,117.4 1 0
github.com/moleculer-go/moleculer/payload/arrayTransformers.go:121.43,124.41 3 2
github.com/moleculer-go/moleculer/payload/arrayTransformers.go:124.41,126.5 1 6
github.com/moleculer-go/moleculer/payload/arrayTransformers.go:127.4,127.17 1 2
github.com/moleculer-go/moleculer/payload/arrayTransformers.go:129.41,131.4 1 0
github.com/moleculer-go/moleculer/payload/arrayTransformers.go:132.33,134.4 1 0
github.com/moleculer-go/moleculer/payload/arrayTransformers.go:138.43,141.41 3 2
github.com/moleculer-go/moleculer/payload/arrayTransformers.go:141.41,143.5 1 6
github.com/moleculer-go/moleculer/payload/arrayTransformers.go:144.4,144.17 1 2
github.com/moleculer-go/moleculer/payload/arrayTransformers.go:146.41,148.4 1 0
github.com/moleculer-go/moleculer/payload/arrayTransformers.go:149.33,151.4 1 0
github.com/moleculer-go/moleculer/payload/arrayTransformers.go:155.43,158.41 3 1
github.com/moleculer-go/moleculer/payload/arrayTransformers.go:158.41,160.5 1 3
github.com/moleculer-go/moleculer/payload/arrayTransformers.go:161.4,161.17 1 1
github.com/moleculer-go/moleculer/payload/arrayTransformers.go:163.41,165.4 1 0
github.com/moleculer-go/moleculer/payload/arrayTransformers.go:166.33,168.4 1 0
github.com/moleculer-go/moleculer/payload/arrayTransformers.go:172.43,175.41 3 0
github.com/moleculer-go/moleculer/payload/arrayTransformers.go:175.41,177.5 1 0
github.com/moleculer-go/moleculer/payload/arrayTransformers.go:178.4,178.17 1 0
github.com/moleculer-go/moleculer/payload/arrayTransformers.go:180.41,182.4 1 0
github.com/moleculer-go/moleculer/payload/arrayTransformers.go:183.33,185.4 1 0
github.com/moleculer-go/moleculer/payload/arrayTransformers.go:189.43,192.41 3 0
github.com/moleculer-go/moleculer/payload/arrayTransformers.go:192.41,194.5 1 0
github.com/moleculer-go/moleculer/payload/arrayTransformers.go:195.4,195.17 1 0
github.com/moleculer-go/moleculer/payload/arrayTransformers.go:197.41,199.4 1 0
github.com/moleculer-go/moleculer/payload/arrayTransformers.go:200.33,202.4 1 0
github.com/moleculer-go/moleculer/payload/arrayTransformers.go:206.71,208.2 1 0
github.com/moleculer-go/moleculer/payload/arrayTransformers.go:210.68,213.75 3 0
github.com/moleculer-go/moleculer/payload/arrayTransformers.go:213.75,216.3 2 0
github.com/moleculer-go/moleculer/payload/arrayTransformers.go:217.2,217.15 1 0
github.com/moleculer-go/moleculer/payload/arrayTransformers.go:220.61,223.2 2 0
github.com/moleculer-go/moleculer/payload/arrayTransformers.go:225.71,228.2 2 0
github.com/moleculer-go/moleculer/payload/arrayTransformers.go:230.68,233.32 3 4
github.com/moleculer-go/moleculer/payload/arrayTransformers.go:233.32,236.33 3 6
github.com/moleculer-go/moleculer/payload/arrayTransformers.go:236.33,239.4 2 6
github.com/moleculer-go/moleculer/payload/arrayTransformers.go:239.9,239.74 1 0
github.com/moleculer-go/moleculer/payload/arrayTransformers.go:239.74,242.4 2 0
github.com/moleculer-go/moleculer/payload/arrayTransformers.go:242.9,244.4 1 0
github.com/moleculer-go/moleculer/payload/arrayTransformers.go:246.2,246.15 1 4
github.com/moleculer-go/moleculer/payload/arrayTransformers.go:249.51,252.2 2 1
github.com/moleculer-go/moleculer/payload/arrayTransformers.go:255.61,257.48 2 55
github.com/moleculer-go/moleculer/payload/arrayTransformers.go:257.48,258.36 1 471
github.com/moleculer-go/moleculer/payload/arrayTransformers.go:258.36,260.4 1 20
github.com/moleculer-go/moleculer/payload/arrayTransformers.go:262.2,262.76 1 35
github.com/moleculer-go/moleculer/payload/arrayTransformers.go:262.76,270.3 2 0
github.com/moleculer-go/moleculer/payload/arrayTransformers.go:273.2,274.77 2 35
github.com/moleculer-go/moleculer/payload/arrayTransformers.go:274.77,276.3 1 8
github.com/moleculer-go/moleculer/payload/arrayTransformers.go:278.2,278.12 1 27
github.com/moleculer-go/moleculer/payload/mapTransformers.go:18.94,22.2 3 134
github.com/moleculer-go/moleculer/payload/mapTransformers.go:27.52,29.4 1 92
github.com/moleculer-go/moleculer/payload/mapTransformers.go:30.33,32.4 1 0
github.com/moleculer-go/moleculer/payload/mapTransformers.go:36.52,38.58 2 17
github.com/moleculer-go/moleculer/payload/mapTransformers.go:38.58,40.5 1 42
github.com/moleculer-go/moleculer/payload/mapTransformers.go:41.4,41.17 1 17
github.com/moleculer-go/moleculer/payload/mapTransformers.go:43.33,45.4 1 0
github.com/moleculer-go/moleculer/payload/mapTransformers.go:49.52,51.55 2 5
github.com/moleculer-go/moleculer/payload/mapTransformers.go:51.55,53.5 1 10
github.com/moleculer-go/moleculer/payload/mapTransformers.go:54.4,54.17 1 5
github.com/moleculer-go/moleculer/payload/mapTransformers.go:56.33,58.4 1 0
github.com/moleculer-go/moleculer/payload/mapTransformers.go:62.52,64.57 2 5
github.com/moleculer-go/moleculer/payload/mapTransformers.go:64.57,66.5 1 10
github.com/moleculer-go/moleculer/payload/mapTransformers.go:67.4,67.17 1 5
github.com/moleculer-go/moleculer/payload/mapTransformers.go:69.33,71.4 1 0
github.com/moleculer-go/moleculer/payload/mapTransformers.go:75.52,77.58 2 1
github.com/moleculer-go/moleculer/payload/mapTransformers.go:77.58,79.5 1 2
github.com/moleculer-go/moleculer/payload/mapTransformers.go:80.4,80.17 1 1
github.com/moleculer-go/moleculer/payload/mapTransformers.go:82.33,84.4 1 0
github.com/moleculer-go/moleculer/payload/mapTransformers.go:88.52,90.59 2 5
github.com/moleculer-go/moleculer/payload/mapTransformers.go:90.59,92.5 1 10
github.com/moleculer-go/moleculer/payload/mapTransformers.go:93.4,93.17 1 5
github.com/moleculer-go/moleculer/payload/mapTransformers.go:95.33,97.4 1 0
github.com/moleculer-go/moleculer/payload/mapTransformers.go:101.52,103.59 2 5
github.com/moleculer-go/moleculer/payload/mapTransformers.go:103.59,105.5 1 10
github.com/moleculer-go/moleculer/payload/mapTransformers.go:106.4,106.17 1 5
github.com/moleculer-go/moleculer/payload/mapTransformers.go:108.33,110.4 1 0
github.com/moleculer-go/moleculer/payload/mapTransformers.go:114.52,116.61 2 1
github.com/moleculer-go/moleculer/payload/mapTransformers.go:116.61,118.5 1 2
github.com/moleculer-go/moleculer/payload/mapTransformers.go:119.4,119.17 1 1
github.com/moleculer-go/moleculer/payload/mapTransformers.go:121.33,123.4 1 0
github.com/moleculer-go/moleculer/payload/mapTransformers.go:132.46,134.2 1 305
github.com/moleculer-go/moleculer/payload/mapTransformers.go:136.75,139.2 2 0
github.com/moleculer-go/moleculer/payload/mapTransformers.go:141.48,144.2 2 0
github.com/moleculer-go/moleculer/payload/mapTransformers.go:146.48,149.2 2 0
github.com/moleculer-go/moleculer/payload/mapTransformers.go:152.75,155.36 3 56
github.com/moleculer-go/moleculer/payload/mapTransformers.go:155.36,159.33 4 114
github.com/moleculer-go/moleculer/payload/mapTransformers.go:159.33,162.4 2 0
github.com/moleculer-go/moleculer/payload/mapTransformers.go:162.9,162.74 1 114
github.com/moleculer-go/moleculer/payload/mapTransformers.go:162.74,165.4 2 0
github.com/moleculer-go/moleculer/payload/mapTransformers.go:165.9,167.4 1 114
github.com/moleculer-go/moleculer/payload/mapTransformers.go:169.2,169.15 1 56
github.com/moleculer-go/moleculer/payload/mapTransformers.go:173.57,186.46 2 218
github.com/moleculer-go/moleculer/payload/mapTransformers.go:186.46,187.36 1 878
github.com/moleculer-go/moleculer/payload/mapTransformers.go:187.36,189.4 1 140
github.com/moleculer-go/moleculer/payload/mapTransformers.go:191.2,191.40 1 78
github.com/moleculer-go/moleculer/payload/mapTransformers.go:191.40,198.3 2 0
github.com/moleculer-go/moleculer/payload/mapTransformers.go:201.2,202.43 2 78
github.com/moleculer-go/moleculer/payload/mapTransformers.go:202.43,205.3 1 64
github.com/moleculer-go/moleculer/payload/mapTransformers.go:207.2,207.12 1 14
github.com/moleculer-go/moleculer/payload/numberTransformers.go:26.44,28.16 2 5
github.com/moleculer-go/moleculer/payload/numberTransformers.go:28.16,29.74 1 0
github.com/moleculer-go/moleculer/payload/numberTransformers.go:31.2,31.15 1 5
github.com/moleculer-go/moleculer/payload/numberTransformers.go:37.40,39.4 1 1
github.com/moleculer-go/moleculer/payload/numberTransformers.go:40.44,42.4 1 1
github.com/moleculer-go/moleculer/payload/numberTransformers.go:43.48,45.4 1 1
github.com/moleculer-go/moleculer/payload/numberTransformers.go:46.48,48.4 1 1
github.com/moleculer-go/moleculer/payload/numberTransformers.go:49.46,51.4 1 1
github.com/moleculer-go/moleculer/payload/numberTransformers.go:55.40,57.4 1 0
github.com/moleculer-go/moleculer/payload/numberTransformers.go:58.44,60.4 1 1
github.com/moleculer-go/moleculer/payload/numberTransformers.go:61.48,63.4 1 1
github.com/moleculer-go/moleculer/payload/numberTransformers.go:64.48,66.4 1 1
github.com/moleculer-go/moleculer/payload/numberTransformers.go:67.46,69.4 1 1
github.com/moleculer-go/moleculer/payload/numberTransformers.go:73.40,75.4 1 0
github.com/moleculer-go/moleculer/payload/numberTransformers.go:76.44,78.4 1 0
github.com/moleculer-go/moleculer/payload/numberTransformers.go:79.48,81.4 1 0
github.com/moleculer-go/moleculer/payload/numberTransformers.go:82.48,84.4 1 0
github.com/moleculer-go/moleculer/payload/numberTransformers.go:85.46,87.4 1 0
github.com/moleculer-go/moleculer/payload/numberTransformers.go:91.40,93.4 1 1
github.com/moleculer-go/moleculer/payload/numberTransformers.go:94.44,96.4 1 0
github.com/moleculer-go/moleculer/payload/numberTransformers.go:97.48,99.4 1 1
github.com/moleculer-go/moleculer/payload/numberTransformers.go:100.48,102.4 1 1
github.com/moleculer-go/moleculer/payload/numberTransformers.go:103.46,105.4 1 1
github.com/moleculer-go/moleculer/payload/numberTransformers.go:109.40,111.4 1 1
github.com/moleculer-go/moleculer/payload/numberTransformers.go:112.44,114.4 1 1
github.com/moleculer-go/moleculer/payload/numberTransformers.go:115.48,117.4 1 0
github.com/moleculer-go/moleculer/payload/numberTransformers.go:118.48,120.4 1 1
github.com/moleculer-go/moleculer/payload/numberTransformers.go:121.46,123.4 1 1
github.com/moleculer-go/moleculer/payload/numberTransformers.go:127.40,129.4 1 1
github.com/moleculer-go/moleculer/payload/numberTransformers.go:130.44,132.4 1 1
github.com/moleculer-go/moleculer/payload/numberTransformers.go:133.48,135.4 1 1
github.com/moleculer-go/moleculer/payload/numberTransformers.go:136.48,138.4 1 0
github.com/moleculer-go/moleculer/payload/numberTransformers.go:139.46,141.4 1 1
github.com/moleculer-go/moleculer/payload/numberTransformers.go:145.40,147.4 1 1
github.com/moleculer-go/moleculer/payload/numberTransformers.go:148.44,150.4 1 1
github.com/moleculer-go/moleculer/payload/numberTransformers.go:151.48,153.4 1 1
github.com/moleculer-go/moleculer/payload/numberTransformers.go:154.48,156.4 1 1
github.com/moleculer-go/moleculer/payload/numberTransformers.go:157.46,159.4 1 0
github.com/moleculer-go/moleculer/payload/numberTransformers.go:164.66,166.49 2 25
github.com/moleculer-go/moleculer/payload/numberTransformers.go:166.49,167.36 1 101
github.com/moleculer-go/moleculer/payload/numberTransformers.go:167.36,169.4 1 25
github.com/moleculer-go/moleculer/payload/numberTransformers.go:171.2,172.12 2 0
github.com/moleculer-go/moleculer/payload/payload.go:22.36,24.2 1 5
github.com/moleculer-go/moleculer/payload/payload.go:26.37,30.2 3 4
github.com/moleculer-go/moleculer/payload/payload.go:32.36,33.17 1 3
github.com/moleculer-go/moleculer/payload/payload.go:33.17,35.3 1 2
github.com/moleculer-go/moleculer/payload/payload.go:36.2,36.12 1 1
github.com/moleculer-go/moleculer/payload/payload.go:39.32,41.9 2 17
github.com/moleculer-go/moleculer/payload/payload.go:41.9,42.73 1 5
github.com/moleculer-go/moleculer/payload/payload.go:42.73,44.4 1 5
github.com/moleculer-go/moleculer/payload/payload.go:46.2,46.14 1 17
github.com/moleculer-go/moleculer/payload/payload.go:49.36,51.9 2 14
github.com/moleculer-go/moleculer/payload/payload.go:51.9,52.73 1 5
github.com/moleculer-go/moleculer/payload/payload.go:52.73,54.4 1 5
github.com/moleculer-go/moleculer/payload/payload.go:56.2,56.14 1 14
github.com/moleculer-go/moleculer/payload/payload.go:59.34,61.9 2 6
github.com/moleculer-go/moleculer/payload/payload.go:61.9,63.3 1 4
github.com/moleculer-go/moleculer/payload/payload.go:64.2,64.14 1 6
github.com/moleculer-go/moleculer/payload/payload.go:67.36,69.9 2 11
github.com/moleculer-go/moleculer/payload/payload.go:69.9,70.73 1 5
github.com/moleculer-go/moleculer/payload/payload.go:70.73,72.4 1 5
github.com/moleculer-go/moleculer/payload/payload.go:74.2,74.14 1 11
github.com/moleculer-go/moleculer/payload/payload.go:77.39,79.2 1 3
github.com/moleculer-go/moleculer/payload/payload.go:81.45,82.40 1 3
github.com/moleculer-go/moleculer/payload/payload.go:82.40,84.35 2 2
github.com/moleculer-go/moleculer/payload/payload.go:84.35,86.4 1 6
github.com/moleculer-go/moleculer/payload/payload.go:87.3,87.15 1 2
github.com/moleculer-go/moleculer/payload/payload.go:89.2,89.12 1 1
github.com/moleculer-go/moleculer/payload/payload.go:92.58,93.40 1 0
github.com/moleculer-go/moleculer/payload/payload.go:93.40,95.35 2 0
github.com/moleculer-go/moleculer/payload/payload.go:95.35,97.4 1 0
github.com/moleculer-go/moleculer/payload/payload.go:98.3,98.15 1 0
github.com/moleculer-go/moleculer/payload/payload.go:100.2,100.12 1 0
github.com/moleculer-go/moleculer/payload/payload.go:103.49,104.40 1 2
github.com/moleculer-go/moleculer/payload/payload.go:104.40,106.35 2 1
github.com/moleculer-go/moleculer/payload/payload.go:106.35,108.4 1 3
github.com/moleculer-go/moleculer/payload/payload.go:109.3,109.15 1 1
github.com/moleculer-go/moleculer/payload/payload.go:111.2,111.12 1 1
github.com/moleculer-go/moleculer/payload/payload.go:114.39,115.40 1 4
github.com/moleculer-go/moleculer/payload/payload.go:115.40,117.35 2 3
github.com/moleculer-go/moleculer/payload/payload.go:117.35,119.4 1 9
github.com/moleculer-go/moleculer/payload/payload.go:120.3,120.15 1 3
github.com/moleculer-go/moleculer/payload/payload.go:122.2,122.12 1 1
github.com/moleculer-go/moleculer/payload/payload.go:125.43,126.40 1 3
github.com/moleculer-go/moleculer/payload/payload.go:126.40,128.35 2 2
github.com/moleculer-go/moleculer/payload/payload.go:128.35,130.4 1 6
github.com/moleculer-go/moleculer/payload/payload.go:131.3,131.15 1 2
github.com/moleculer-go/moleculer/payload/payload.go:133.2,133.12 1 1
github.com/moleculer-go/moleculer/payload/payload.go:136.43,137.40 1 3
github.com/moleculer-go/moleculer/payload/payload.go:137.40,139.35 2 2
github.com/moleculer-go/moleculer/payload/payload.go:139.35,141.4 1 6
github.com/moleculer-go/moleculer/payload/payload.go:142.3,142.15 1 2
github.com/moleculer-go/moleculer/payload/payload.go:144.2,144.12 1 1
github.com/moleculer-go/moleculer/payload/payload.go:147.47,148.40 1 3
github.com/moleculer-go/moleculer/payload/payload.go:148.40,150.35 2 2
github.com/moleculer-go/moleculer/payload/payload.go:150.35,152.4 1 6
github.com/moleculer-go/moleculer/payload/payload.go:153.3,153.15 1 2
github.com/moleculer-go/moleculer/payload/payload.go:155.2,155.12 1 1
github.com/moleculer-go/moleculer/payload/payload.go:158.45,159.40 1 3
github.com/moleculer-go/moleculer/payload/payload.go:159.40,161.35 2 2
github.com/moleculer-go/moleculer/payload/payload.go:161.35,163.4 1 6
github.com/moleculer-go/moleculer/payload/payload.go:164.3,164.15 1 2
github.com/moleculer-go/moleculer/payload/payload.go:166.2,166.12 1 1
github.com/moleculer-go/moleculer/payload/payload.go:169.41,171.8 2 2
github.com/moleculer-go/moleculer/payload/payload.go:171.8,173.3 1 1
github.com/moleculer-go/moleculer/payload/payload.go:174.2,174.40 1 1
github.com/moleculer-go/moleculer/payload/payload.go:174.40,176.35 2 0
github.com/moleculer-go/moleculer/payload/payload.go:176.35,178.4 1 0
github.com/moleculer-go/moleculer/payload/payload.go:179.3,179.15 1 0
github.com/moleculer-go/moleculer/payload/payload.go:181.2,181.12 1 1
github.com/moleculer-go/moleculer/payload/payload.go:184.41,186.8 2 0
github.com/moleculer-go/moleculer/payload/payload.go:186.8,188.3 1 0
github.com/moleculer-go/moleculer/payload/payload.go:189.2,189.12 1 0
github.com/moleculer-go/moleculer/payload/payload.go:192.46,193.40 1 1
github.com/moleculer-go/moleculer/payload/payload.go:193.40,195.35 2 1
github.com/moleculer-go/moleculer/payload/payload.go:195.35,197.4 1 3
github.com/moleculer-go/moleculer/payload/payload.go:198.3,198.15 1 1
github.com/moleculer-go/moleculer/payload/payload.go:200.2,200.12 1 0
github.com/moleculer-go/moleculer/payload/payload.go:203.32,204.68 1 1
github.com/moleculer-go/moleculer/payload/payload.go:204.68,206.3 1 1
github.com/moleculer-go/moleculer/payload/payload.go:207.2,207.66 1 0
github.com/moleculer-go/moleculer/payload/payload.go:207.66,209.3 1 0
github.com/moleculer-go/moleculer/payload/payload.go:210.2,210.10 1 0
github.com/moleculer-go/moleculer/payload/payload.go:213.48,214.107 1 0
github.com/moleculer-go/moleculer/payload/payload.go:214.107,216.3 1 0
github.com/moleculer-go/moleculer/payload/payload.go:217.2,217.17 1 0
github.com/moleculer-go/moleculer/payload/payload.go:221.54,222.68 1 3
github.com/moleculer-go/moleculer/payload/payload.go:222.68,224.35 2 3
github.com/moleculer-go/moleculer/payload/payload.go:224.35,226.4 1 2
github.com/moleculer-go/moleculer/payload/payload.go:228.2,228.12 1 1
github.com/moleculer-go/moleculer/payload/payload.go:231.50,232.68 1 26
github.com/moleculer-go/moleculer/payload/payload.go:232.68,235.35 3 18
github.com/moleculer-go/moleculer/payload/payload.go:235.35,237.4 1 52
github.com/moleculer-go/moleculer/payload/payload.go:238.3,238.15 1 18
github.com/moleculer-go/moleculer/payload/payload.go:240.2,240.12 1 8
github.com/moleculer-go/moleculer/payload/payload.go:243.104,244.17 1 0
github.com/moleculer-go/moleculer/payload/payload.go:244.17,246.35 2 0
github.com/moleculer-go/moleculer/payload/payload.go:246.35,248.4 1 0
github.com/moleculer-go/moleculer/payload/payload.go:249.3,249.19 1 0
github.com/moleculer-go/moleculer/payload/payload.go:250.8,252.3 1 0
github.com/moleculer-go/moleculer/payload/payload.go:255.92,256.17 1 10
github.com/moleculer-go/moleculer/payload/payload.go:256.17,258.34 2 3
github.com/moleculer-go/moleculer/payload/payload.go:258.34,259.31 1 5
github.com/moleculer-go/moleculer/payload/payload.go:259.31,260.10 1 1
github.com/moleculer-go/moleculer/payload/payload.go:263.8,263.22 1 7
github.com/moleculer-go/moleculer/payload/payload.go:263.22,265.36 2 7
github.com/moleculer-go/moleculer/payload/payload.go:265.36,266.29 1 16
github.com/moleculer-go/moleculer/payload/payload.go:266.29,267.10 1 1
github.com/moleculer-go/moleculer/payload/payload.go:270.8,272.3 1 0
github.com/moleculer-go/moleculer/payload/payload.go:275.37,278.2 2 25
github.com/moleculer-go/moleculer/payload/payload.go:280.35,283.2 2 27
github.com/moleculer-go/moleculer/payload/payload.go:285.38,287.9 2 14
github.com/moleculer-go/moleculer/payload/payload.go:287.9,288.73 1 5
github.com/moleculer-go/moleculer/payload/payload.go:288.73,290.4 1 5
github.com/moleculer-go/moleculer/payload/payload.go:292.2,292.14 1 14
github.com/moleculer-go/moleculer/payload/payload.go:295.40,297.9 2 14
github.com/moleculer-go/moleculer/payload/payload.go:297.9,298.73 1 5
github.com/moleculer-go/moleculer/payload/payload.go:298.73,300.4 1 5
github.com/moleculer-go/moleculer/payload/payload.go:302.2,302.14 1 14
github.com/moleculer-go/moleculer/payload/payload.go:305.59,308.21 3 0
github.com/moleculer-go/moleculer/payload/payload.go:308.21,311.3 2 0
github.com/moleculer-go/moleculer/payload/payload.go:312.2,313.13 2 0
github.com/moleculer-go/moleculer/payload/payload.go:317.71,319.37 2 0
github.com/moleculer-go/moleculer/payload/payload.go:319.37,321.3 1 0
github.com/moleculer-go/moleculer/payload/payload.go:322.2,322.17 1 0
github.com/moleculer-go/moleculer/payload/payload.go:322.17,324.3 1 0
github.com/moleculer-go/moleculer/payload/payload.go:325.2,326.12 2 0
github.com/moleculer-go/moleculer/payload/payload.go:330.66,333.31 3 0
github.com/moleculer-go/moleculer/payload/payload.go:333.31,335.3 1 0
github.com/moleculer-go/moleculer/payload/payload.go:336.2,337.29 2 0
github.com/moleculer-go/moleculer/payload/payload.go:337.29,339.3 1 0
github.com/moleculer-go/moleculer/payload/payload.go:340.2,340.19 1 0
github.com/moleculer-go/moleculer/payload/payload.go:340.19,342.3 1 0
github.com/moleculer-go/moleculer/payload/payload.go:343.2,344.12 2 0
github.com/moleculer-go/moleculer/payload/payload.go:351.38,353.9 2 26
github.com/moleculer-go/moleculer/payload/payload.go:353.9,355.3 1 25
github.com/moleculer-go/moleculer/payload/payload.go:356.2,357.10 2 1
github.com/moleculer-go/moleculer/payload/payload.go:357.10,359.3 1 0
github.com/moleculer-go/moleculer/payload/payload.go:360.2,360.29 1 1
github.com/moleculer-go/moleculer/payload/payload.go:382.57,383.66 1 9
github.com/moleculer-go/moleculer/payload/payload.go:383.66,386.33 3 9
github.com/moleculer-go/moleculer/payload/payload.go:386.33,389.4 2 21
github.com/moleculer-go/moleculer/payload/payload.go:390.3,390.16 1 9
github.com/moleculer-go/moleculer/payload/payload.go:392.2,392.12 1 0
github.com/moleculer-go/moleculer/payload/payload.go:395.54,396.66 1 38
github.com/moleculer-go/moleculer/payload/payload.go:396.66,398.3 1 38
github.com/moleculer-go/moleculer/payload/payload.go:399.2,399.12 1 0
github.com/moleculer-go/moleculer/payload/payload.go:403.36,404.46 1 6
github.com/moleculer-go/moleculer/payload/payload.go:404.46,406.3 1 1
github.com/moleculer-go/moleculer/payload/payload.go:407.2,407.15 1 5
github.com/moleculer-go/moleculer/payload/payload.go:407.15,409.65 2 5
github.com/moleculer-go/moleculer/payload/payload.go:409.65,411.23 2 13
github.com/moleculer-go/moleculer/payload/payload.go:411.23,413.5 1 1
github.com/moleculer-go/moleculer/payload/payload.go:413.10,413.28 1 12
github.com/moleculer-go/moleculer/payload/payload.go:413.28,415.5 1 2
github.com/moleculer-go/moleculer/payload/payload.go:415.10,417.5 1 10
github.com/moleculer-go/moleculer/payload/payload.go:418.4,418.15 1 13
github.com/moleculer-go/moleculer/payload/payload.go:420.3,420.12 1 5
github.com/moleculer-go/moleculer/payload/payload.go:422.2,422.12 1 0
github.com/moleculer-go/moleculer/payload/payload.go:425.41,426.48 1 1
github.com/moleculer-go/moleculer/payload/payload.go:426.48,428.3 1 0
github.com/moleculer-go/moleculer/payload/payload.go:429.2,429.17 1 1
github.com/moleculer-go/moleculer/payload/payload.go:429.17,431.67 2 1
github.com/moleculer-go/moleculer/payload/payload.go:431.67,432.21 1 1
github.com/moleculer-go/moleculer/payload/payload.go:432.21,434.5 1 1
github.com/moleculer-go/moleculer/payload/payload.go:434.10,434.30 1 0
github.com/moleculer-go/moleculer/payload/payload.go:434.30,436.5 1 0
github.com/moleculer-go/moleculer/payload/payload.go:436.10,438.5 1 0
github.com/moleculer-go/moleculer/payload/payload.go:439.4,439.15 1 1
github.com/moleculer-go/moleculer/payload/payload.go:441.3,441.12 1 1
github.com/moleculer-go/moleculer/payload/payload.go:443.2,443.12 1 0
github.com/moleculer-go/moleculer/payload/payload.go:447.62,448.66 1 138
github.com/moleculer-go/moleculer/payload/payload.go:448.66,450.3 1 134
github.com/moleculer-go/moleculer/payload/payload.go:451.2,451.19 1 4
github.com/moleculer-go/moleculer/payload/payload.go:454.28,456.2 1 19
github.com/moleculer-go/moleculer/payload/payload.go:461.31,463.2 1 10
github.com/moleculer-go/moleculer/payload/payload.go:465.51,470.2 4 3
github.com/moleculer-go/moleculer/payload/payload.go:472.83,473.30 1 73
github.com/moleculer-go/moleculer/payload/payload.go:473.30,474.26 1 54
github.com/moleculer-go/moleculer/payload/payload.go:474.26,476.4 1 0
github.com/moleculer-go/moleculer/payload/payload.go:477.3,477.21 1 54
github.com/moleculer-go/moleculer/payload/payload.go:481.2,481.15 1 19
github.com/moleculer-go/moleculer/payload/payload.go:481.15,482.26 1 9
github.com/moleculer-go/moleculer/payload/payload.go:482.26,484.4 1 0
github.com/moleculer-go/moleculer/payload/payload.go:485.3,485.22 1 9
github.com/moleculer-go/moleculer/payload/payload.go:487.2,487.18 1 10
github.com/moleculer-go/moleculer/payload/payload.go:487.18,490.26 3 3
github.com/moleculer-go/moleculer/payload/payload.go:490.26,492.4 1 0
github.com/moleculer-go/moleculer/payload/payload.go:492.9,494.4 1 3
github.com/moleculer-go/moleculer/payload/payload.go:495.3,495.21 1 3
github.com/moleculer-go/moleculer/payload/payload.go:497.2,497.25 1 7
github.com/moleculer-go/moleculer/payload/payload.go:497.25,499.3 1 0
github.com/moleculer-go/moleculer/payload/payload.go:500.2,500.20 1 7
github.com/moleculer-go/moleculer/payload/payload.go:505.90,509.34 4 9
github.com/moleculer-go/moleculer/payload/payload.go:509.34,510.15 1 13
github.com/moleculer-go/moleculer/payload/payload.go:510.15,512.4 1 1
github.com/moleculer-go/moleculer/payload/payload.go:513.3,514.32 2 12
github.com/moleculer-go/moleculer/payload/payload.go:516.2,516.10 1 8
github.com/moleculer-go/moleculer/payload/payload.go:519.89,520.37 1 64
github.com/moleculer-go/moleculer/payload/payload.go:520.37,522.3 1 57
github.com/moleculer-go/moleculer/payload/payload.go:523.2,523.27 1 7
github.com/moleculer-go/moleculer/payload/payload.go:523.27,525.3 1 0
github.com/moleculer-go/moleculer/payload/payload.go:525.8,525.34 1 7
github.com/moleculer-go/moleculer/payload/payload.go:525.34,527.3 1 0
github.com/moleculer-go/moleculer/payload/payload.go:528.2,528.17 1 7
github.com/moleculer-go/moleculer/payload/payload.go:532.58,533.37 1 1
github.com/moleculer-go/moleculer/payload/payload.go:533.37,535.3 1 1
github.com/moleculer-go/moleculer/payload/payload.go:536.2,536.17 1 0
github.com/moleculer-go/moleculer/payload/payload.go:539.42,541.2 1 16
github.com/moleculer-go/moleculer/payload/payload.go:543.47,544.31 1 4
github.com/moleculer-go/moleculer/payload/payload.go:544.31,545.18 1 7
github.com/moleculer-go/moleculer/payload/payload.go:545.18,547.4 1 2
github.com/moleculer-go/moleculer/payload/payload.go:549.2,549.14 1 2
github.com/moleculer-go/moleculer/payload/payload.go:557.30,559.2 1 0
github.com/moleculer-go/moleculer/payload/payload.go:563.40,567.2 3 0
github.com/moleculer-go/moleculer/payload/payload.go:570.35,575.2 4 0
github.com/moleculer-go/moleculer/payload/payload.go:577.48,579.2 1 0
github.com/moleculer-go/moleculer/payload/payload.go:581.59,582.18 1 0
github.com/moleculer-go/moleculer/payload/payload.go:582.18,584.3 1 0
github.com/moleculer-go/moleculer/payload/payload.go:585.2,587.21 3 0
github.com/moleculer-go/moleculer/payload/payload.go:590.65,591.15 1 1
github.com/moleculer-go/moleculer/payload/payload.go:591.15,593.38 2 1
github.com/moleculer-go/moleculer/payload/payload.go:593.38,594.27 1 4
github.com/moleculer-go/moleculer/payload/payload.go:594.27,596.5 1 2
github.com/moleculer-go/moleculer/payload/payload.go:598.3,598.18 1 1
github.com/moleculer-go/moleculer/payload/payload.go:600.2,600.17 1 0
github.com/moleculer-go/moleculer/payload/payload.go:600.17,603.32 3 0
github.com/moleculer-go/moleculer/payload/payload.go:603.32,605.4 1 0
github.com/moleculer-go/moleculer/payload/payload.go:606.3,606.18 1 0
github.com/moleculer-go/moleculer/payload/payload.go:608.2,608.75 1 0
github.com/moleculer-go/moleculer/payload/payload.go:611.67,612.18 1 0
github.com/moleculer-go/moleculer/payload/payload.go:612.18,614.3 1 0
github.com/moleculer-go/moleculer/payload/payload.go:615.2,617.17 3 0
github.com/moleculer-go/moleculer/payload/payload.go:621.77,622.16 1 0
github.com/moleculer-go/moleculer/payload/payload.go:622.16,624.3 1 0
github.com/moleculer-go/moleculer/payload/payload.go:625.2,627.15 3 0
github.com/moleculer-go/moleculer/payload/payload.go:631.78,632.16 1 1
github.com/moleculer-go/moleculer/payload/payload.go:632.16,634.3 1 0
github.com/moleculer-go/moleculer/payload/payload.go:635.2,636.32 2 1
github.com/moleculer-go/moleculer/payload/payload.go:636.32,638.3 1 2
github.com/moleculer-go/moleculer/payload/payload.go:639.2,639.15 1 1
github.com/moleculer-go/moleculer/payload/payload.go:642.51,644.2 1 0
github.com/moleculer-go/moleculer/payload/payload.go:651.38,653.2 1 1
github.com/moleculer-go/moleculer/payload/payload.go:655.70,657.2 1 1
github.com/moleculer-go/moleculer/payload/payload.go:659.55,661.8 2 1
github.com/moleculer-go/moleculer/payload/payload.go:661.8,663.3 1 1
github.com/moleculer-go/moleculer/payload/payload.go:664.2,664.12 1 0
github.com/moleculer-go/moleculer/payload/payload.go:667.36,669.2 1 0
github.com/moleculer-go/moleculer/payload/payload.go:671.32,673.2 1 0
github.com/moleculer-go/moleculer/payload/payload.go:675.48,677.15 2 187
github.com/moleculer-go/moleculer/payload/payload.go:677.15,679.3 1 1
github.com/moleculer-go/moleculer/payload/payload.go:680.2,680.28 1 186
github.com/moleculer-go/moleculer/registry/actionCatalog.go:31.60,33.2 1 64
github.com/moleculer-go/moleculer/registry/actionCatalog.go:43.38,45.2 1 0
github.com/moleculer-go/moleculer/registry/actionCatalog.go:47.38,49.2 1 0
github.com/moleculer-go/moleculer/registry/actionCatalog.go:51.39,53.2 1 0
github.com/moleculer-go/moleculer/registry/actionCatalog.go:58.114,59.25 1 64
github.com/moleculer-go/moleculer/registry/actionCatalog.go:59.25,61.3 1 0
github.com/moleculer-go/moleculer/registry/actionCatalog.go:62.2,62.34 1 64
github.com/moleculer-go/moleculer/registry/actionCatalog.go:62.34,67.14 5 0
github.com/moleculer-go/moleculer/registry/actionCatalog.go:67.14,69.4 1 0
github.com/moleculer-go/moleculer/registry/actionCatalog.go:69.9,71.4 1 0
github.com/moleculer-go/moleculer/registry/actionCatalog.go:72.3,72.82 1 0
github.com/moleculer-go/moleculer/registry/actionCatalog.go:76.107,81.12 3 64
github.com/moleculer-go/moleculer/registry/actionCatalog.go:81.12,88.3 5 64
github.com/moleculer-go/moleculer/registry/actionCatalog.go:90.2,90.15 1 64
github.com/moleculer-go/moleculer/registry/actionCatalog.go:93.54,95.2 1 72
github.com/moleculer-go/moleculer/registry/actionCatalog.go:97.47,99.2 1 77
github.com/moleculer-go/moleculer/registry/actionCatalog.go:101.59,103.2 1 0
github.com/moleculer-go/moleculer/registry/actionCatalog.go:105.75,107.64 2 18
github.com/moleculer-go/moleculer/registry/actionCatalog.go:107.64,110.3 2 144
github.com/moleculer-go/moleculer/registry/actionCatalog.go:111.2,111.15 1 18
github.com/moleculer-go/moleculer/registry/actionCatalog.go:115.99,119.48 4 1294
github.com/moleculer-go/moleculer/registry/actionCatalog.go:119.48,121.3 1 0
github.com/moleculer-go/moleculer/registry/actionCatalog.go:122.2,123.13 2 1294
github.com/moleculer-go/moleculer/registry/actionCatalog.go:123.13,125.3 1 540
github.com/moleculer-go/moleculer/registry/actionCatalog.go:125.8,127.3 1 754
github.com/moleculer-go/moleculer/registry/actionCatalog.go:128.2,128.41 1 1294
github.com/moleculer-go/moleculer/registry/actionCatalog.go:131.109,133.2 0 70
github.com/moleculer-go/moleculer/registry/actionCatalog.go:136.65,137.64 1 2
github.com/moleculer-go/moleculer/registry/actionCatalog.go:137.64,141.34 4 18
github.com/moleculer-go/moleculer/registry/actionCatalog.go:141.34,142.37 1 44
github.com/moleculer-go/moleculer/registry/actionCatalog.go:142.37,144.5 1 30
github.com/moleculer-go/moleculer/registry/actionCatalog.go:146.3,146.23 1 18
github.com/moleculer-go/moleculer/registry/actionCatalog.go:146.23,148.4 1 2
github.com/moleculer-go/moleculer/registry/actionCatalog.go:148.9,150.4 1 16
github.com/moleculer-go/moleculer/registry/actionCatalog.go:151.3,151.14 1 18
github.com/moleculer-go/moleculer/registry/actionCatalog.go:155.72,157.13 2 0
github.com/moleculer-go/moleculer/registry/actionCatalog.go:157.13,159.3 1 0
github.com/moleculer-go/moleculer/registry/actionCatalog.go:160.2,162.33 3 0
github.com/moleculer-go/moleculer/registry/actionCatalog.go:162.33,163.36 1 0
github.com/moleculer-go/moleculer/registry/actionCatalog.go:163.36,165.4 1 0
github.com/moleculer-go/moleculer/registry/actionCatalog.go:167.2,167.43 1 0
github.com/moleculer-go/moleculer/registry/actionCatalog.go:170.97,172.13 2 3
github.com/moleculer-go/moleculer/registry/actionCatalog.go:172.13,174.3 1 0
github.com/moleculer-go/moleculer/registry/actionCatalog.go:175.2,176.33 2 3
github.com/moleculer-go/moleculer/registry/actionCatalog.go:176.33,177.36 1 5
github.com/moleculer-go/moleculer/registry/actionCatalog.go:177.36,179.4 1 2
github.com/moleculer-go/moleculer/registry/actionCatalog.go:181.2,181.12 1 1
github.com/moleculer-go/moleculer/registry/actionCatalog.go:184.57,186.64 2 0
github.com/moleculer-go/moleculer/registry/actionCatalog.go:186.64,188.43 2 0
github.com/moleculer-go/moleculer/registry/actionCatalog.go:188.43,190.4 1 0
github.com/moleculer-go/moleculer/registry/actionCatalog.go:191.3,191.14 1 0
github.com/moleculer-go/moleculer/registry/actionCatalog.go:193.2,194.17 2 0
github.com/moleculer-go/moleculer/registry/actionCatalog.go:198.97,200.20 2 78
github.com/moleculer-go/moleculer/registry/actionCatalog.go:200.20,203.3 2 6
github.com/moleculer-go/moleculer/registry/actionCatalog.go:204.2,205.37 2 72
github.com/moleculer-go/moleculer/registry/actionCatalog.go:205.37,207.23 2 72
github.com/moleculer-go/moleculer/registry/actionCatalog.go:207.23,209.4 1 68
github.com/moleculer-go/moleculer/registry/actionCatalog.go:211.2,211.52 1 4
github.com/moleculer-go/moleculer/registry/actionCatalog.go:211.52,214.3 2 4
github.com/moleculer-go/moleculer/registry/actionCatalog.go:215.2,216.12 2 0
github.com/moleculer-go/moleculer/registry/actionCatalog.go:219.69,221.13 2 80
github.com/moleculer-go/moleculer/registry/actionCatalog.go:221.13,223.3 1 6
github.com/moleculer-go/moleculer/registry/actionCatalog.go:224.2,224.29 1 74
github.com/moleculer-go/moleculer/registry/eventCatalog.go:21.52,23.2 1 0
github.com/moleculer-go/moleculer/registry/eventCatalog.go:25.46,27.2 1 0
github.com/moleculer-go/moleculer/registry/eventCatalog.go:29.47,34.2 1 0
github.com/moleculer-go/moleculer/registry/eventCatalog.go:36.74,37.34 1 0
github.com/moleculer-go/moleculer/registry/eventCatalog.go:37.34,39.3 1 0
github.com/moleculer-go/moleculer/registry/eventCatalog.go:42.79,49.2 6 0
github.com/moleculer-go/moleculer/registry/eventCatalog.go:56.58,59.2 2 61
github.com/moleculer-go/moleculer/registry/eventCatalog.go:62.98,67.13 5 172
github.com/moleculer-go/moleculer/registry/eventCatalog.go:67.13,69.3 1 115
github.com/moleculer-go/moleculer/registry/eventCatalog.go:69.8,71.3 1 57
github.com/moleculer-go/moleculer/registry/eventCatalog.go:72.2,72.39 1 172
github.com/moleculer-go/moleculer/registry/eventCatalog.go:75.103,77.2 0 10
github.com/moleculer-go/moleculer/registry/eventCatalog.go:79.72,81.62 2 6
github.com/moleculer-go/moleculer/registry/eventCatalog.go:81.62,84.3 2 10
github.com/moleculer-go/moleculer/registry/eventCatalog.go:85.2,85.15 1 6
github.com/moleculer-go/moleculer/registry/eventCatalog.go:88.70,91.13 3 0
github.com/moleculer-go/moleculer/registry/eventCatalog.go:91.13,93.3 1 0
github.com/moleculer-go/moleculer/registry/eventCatalog.go:94.2,95.44 2 0
github.com/moleculer-go/moleculer/registry/eventCatalog.go:95.44,96.35 1 0
github.com/moleculer-go/moleculer/registry/eventCatalog.go:96.35,98.4 1 0
github.com/moleculer-go/moleculer/registry/eventCatalog.go:98.9,100.4 1 0
github.com/moleculer-go/moleculer/registry/eventCatalog.go:102.2,102.42 1 0
github.com/moleculer-go/moleculer/registry/eventCatalog.go:106.63,108.62 2 2
github.com/moleculer-go/moleculer/registry/eventCatalog.go:108.62,112.32 4 4
github.com/moleculer-go/moleculer/registry/eventCatalog.go:112.32,113.36 1 6
github.com/moleculer-go/moleculer/registry/eventCatalog.go:113.36,115.5 1 4
github.com/moleculer-go/moleculer/registry/eventCatalog.go:115.10,117.5 1 2
github.com/moleculer-go/moleculer/registry/eventCatalog.go:119.3,120.14 2 4
github.com/moleculer-go/moleculer/registry/eventCatalog.go:124.61,125.39 1 0
github.com/moleculer-go/moleculer/registry/eventCatalog.go:125.39,127.3 1 0
github.com/moleculer-go/moleculer/registry/eventCatalog.go:128.2,128.31 1 0
github.com/moleculer-go/moleculer/registry/eventCatalog.go:128.31,129.29 1 0
github.com/moleculer-go/moleculer/registry/eventCatalog.go:129.29,131.4 1 0
github.com/moleculer-go/moleculer/registry/eventCatalog.go:133.2,133.14 1 0
github.com/moleculer-go/moleculer/registry/eventCatalog.go:136.49,137.30 1 0
github.com/moleculer-go/moleculer/registry/eventCatalog.go:137.30,138.21 1 0
github.com/moleculer-go/moleculer/registry/eventCatalog.go:138.21,140.4 1 0
github.com/moleculer-go/moleculer/registry/eventCatalog.go:142.2,142.12 1 0
github.com/moleculer-go/moleculer/registry/eventCatalog.go:146.141,148.13 2 0
github.com/moleculer-go/moleculer/registry/eventCatalog.go:148.13,150.3 1 0
github.com/moleculer-go/moleculer/registry/eventCatalog.go:151.2,154.46 3 0
github.com/moleculer-go/moleculer/registry/eventCatalog.go:154.46,155.34 1 0
github.com/moleculer-go/moleculer/registry/eventCatalog.go:155.34,156.12 1 0
github.com/moleculer-go/moleculer/registry/eventCatalog.go:158.3,158.38 1 0
github.com/moleculer-go/moleculer/registry/eventCatalog.go:158.38,160.4 1 0
github.com/moleculer-go/moleculer/registry/eventCatalog.go:162.2,163.38 2 0
github.com/moleculer-go/moleculer/registry/eventCatalog.go:163.38,164.63 1 0
github.com/moleculer-go/moleculer/registry/eventCatalog.go:164.63,167.4 2 0
github.com/moleculer-go/moleculer/registry/eventCatalog.go:167.9,167.31 1 0
github.com/moleculer-go/moleculer/registry/eventCatalog.go:167.31,170.4 2 0
github.com/moleculer-go/moleculer/registry/eventCatalog.go:170.9,170.30 1 0
github.com/moleculer-go/moleculer/registry/eventCatalog.go:170.30,171.18 1 0
github.com/moleculer-go/moleculer/registry/eventCatalog.go:171.18,173.35 2 0
github.com/moleculer-go/moleculer/registry/eventCatalog.go:173.35,175.6 1 0
github.com/moleculer-go/moleculer/registry/eventCatalog.go:176.10,179.39 3 0
github.com/moleculer-go/moleculer/registry/eventCatalog.go:179.39,181.6 1 0
github.com/moleculer-go/moleculer/registry/eventCatalog.go:182.5,182.55 1 0
github.com/moleculer-go/moleculer/registry/eventCatalog.go:182.55,185.6 2 0
github.com/moleculer-go/moleculer/registry/eventCatalog.go:191.2,191.15 1 0
github.com/moleculer-go/moleculer/registry/eventCatalog.go:194.55,196.62 2 0
github.com/moleculer-go/moleculer/registry/eventCatalog.go:196.62,198.32 2 0
github.com/moleculer-go/moleculer/registry/eventCatalog.go:198.32,200.4 1 0
github.com/moleculer-go/moleculer/registry/eventCatalog.go:201.3,201.14 1 0
github.com/moleculer-go/moleculer/registry/eventCatalog.go:203.2,203.15 1 0
github.com/moleculer-go/moleculer/registry/node.go:35.32,38.16 3 62
github.com/moleculer-go/moleculer/registry/node.go:38.16,40.3 1 0
github.com/moleculer-go/moleculer/registry/node.go:41.2,41.32 1 62
github.com/moleculer-go/moleculer/registry/node.go:41.32,43.70 1 620
github.com/moleculer-go/moleculer/registry/node.go:43.70,44.29 1 496
github.com/moleculer-go/moleculer/registry/node.go:44.29,46.5 1 124
github.com/moleculer-go/moleculer/registry/node.go:49.2,49.19 1 62
github.com/moleculer-go/moleculer/registry/node.go:49.19,51.3 1 0
github.com/moleculer-go/moleculer/registry/node.go:52.2,52.15 1 62
github.com/moleculer-go/moleculer/registry/node.go:55.32,57.18 2 62
github.com/moleculer-go/moleculer/registry/node.go:57.18,59.3 1 0
github.com/moleculer-go/moleculer/registry/node.go:60.2,60.17 1 62
github.com/moleculer-go/moleculer/registry/node.go:63.74,76.11 3 178
github.com/moleculer-go/moleculer/registry/node.go:76.11,80.57 4 62
github.com/moleculer-go/moleculer/registry/node.go:80.57,82.4 1 0
github.com/moleculer-go/moleculer/registry/node.go:84.2,85.15 2 178
github.com/moleculer-go/moleculer/registry/node.go:88.40,90.2 1 0
github.com/moleculer-go/moleculer/registry/node.go:92.42,94.2 1 0
github.com/moleculer-go/moleculer/registry/node.go:96.40,98.2 1 0
github.com/moleculer-go/moleculer/registry/node.go:100.33,102.2 1 0
github.com/moleculer-go/moleculer/registry/node.go:104.84,107.59 2 126
github.com/moleculer-go/moleculer/registry/node.go:107.59,109.3 1 126
github.com/moleculer-go/moleculer/registry/node.go:110.2,110.49 1 126
github.com/moleculer-go/moleculer/registry/node.go:110.49,112.3 1 0
github.com/moleculer-go/moleculer/registry/node.go:113.2,113.51 1 126
github.com/moleculer-go/moleculer/registry/node.go:113.51,115.3 1 126
github.com/moleculer-go/moleculer/registry/node.go:116.2,116.43 1 126
github.com/moleculer-go/moleculer/registry/node.go:116.43,118.3 1 0
github.com/moleculer-go/moleculer/registry/node.go:119.2,119.40 1 126
github.com/moleculer-go/moleculer/registry/node.go:119.40,121.3 1 0
github.com/moleculer-go/moleculer/registry/node.go:122.2,122.55 1 126
github.com/moleculer-go/moleculer/registry/node.go:122.55,124.3 1 0
github.com/moleculer-go/moleculer/registry/node.go:125.2,125.63 1 126
github.com/moleculer-go/moleculer/registry/node.go:125.63,127.3 1 126
github.com/moleculer-go/moleculer/registry/node.go:128.2,128.31 1 126
github.com/moleculer-go/moleculer/registry/node.go:128.31,130.3 1 0
github.com/moleculer-go/moleculer/registry/node.go:131.2,131.31 1 126
github.com/moleculer-go/moleculer/registry/node.go:131.31,133.3 1 0
github.com/moleculer-go/moleculer/registry/node.go:134.2,134.34 1 126
github.com/moleculer-go/moleculer/registry/node.go:134.34,136.3 1 0
github.com/moleculer-go/moleculer/registry/node.go:137.2,137.51 1 126
github.com/moleculer-go/moleculer/registry/node.go:137.51,142.3 4 126
github.com/moleculer-go/moleculer/registry/node.go:143.2,143.35 1 0
github.com/moleculer-go/moleculer/registry/node.go:146.39,148.2 1 0
github.com/moleculer-go/moleculer/registry/node.go:150.42,152.2 1 0
github.com/moleculer-go/moleculer/registry/node.go:154.34,156.2 1 0
github.com/moleculer-go/moleculer/registry/node.go:158.34,160.2 1 120
github.com/moleculer-go/moleculer/registry/node.go:162.99,163.19 1 126
github.com/moleculer-go/moleculer/registry/node.go:163.19,166.3 2 0
github.com/moleculer-go/moleculer/registry/node.go:167.2,173.37 7 126
github.com/moleculer-go/moleculer/registry/node.go:176.35,178.16 2 60
github.com/moleculer-go/moleculer/registry/node.go:178.16,181.3 2 0
github.com/moleculer-go/moleculer/registry/node.go:182.2,182.23 1 60
github.com/moleculer-go/moleculer/registry/node.go:187.145,190.8 3 127
github.com/moleculer-go/moleculer/registry/node.go:190.8,192.3 1 127
github.com/moleculer-go/moleculer/registry/node.go:194.2,195.40 2 127
github.com/moleculer-go/moleculer/registry/node.go:195.40,198.44 3 294
github.com/moleculer-go/moleculer/registry/node.go:198.44,200.12 1 127
github.com/moleculer-go/moleculer/registry/node.go:202.3,202.47 1 167
github.com/moleculer-go/moleculer/registry/node.go:205.2,206.49 2 127
github.com/moleculer-go/moleculer/registry/node.go:206.49,210.36 3 13
github.com/moleculer-go/moleculer/registry/node.go:210.36,211.47 1 15
github.com/moleculer-go/moleculer/registry/node.go:211.47,213.10 2 11
github.com/moleculer-go/moleculer/registry/node.go:216.3,216.14 1 13
github.com/moleculer-go/moleculer/registry/node.go:216.14,218.4 1 2
github.com/moleculer-go/moleculer/registry/node.go:220.2,220.34 1 127
github.com/moleculer-go/moleculer/registry/node.go:223.79,225.13 2 224
github.com/moleculer-go/moleculer/registry/node.go:225.13,227.3 1 0
github.com/moleculer-go/moleculer/registry/node.go:228.2,229.12 2 224
github.com/moleculer-go/moleculer/registry/node.go:229.12,231.3 1 0
github.com/moleculer-go/moleculer/registry/node.go:232.2,232.18 1 224
github.com/moleculer-go/moleculer/registry/node.go:235.53,237.32 2 126
github.com/moleculer-go/moleculer/registry/node.go:237.32,239.3 1 252
github.com/moleculer-go/moleculer/registry/node.go:240.2,240.15 1 126
github.com/moleculer-go/moleculer/registry/node.go:243.36,244.32 1 0
github.com/moleculer-go/moleculer/registry/node.go:244.32,246.3 1 0
github.com/moleculer-go/moleculer/registry/node.go:247.2,247.31 1 0
github.com/moleculer-go/moleculer/registry/node.go:247.31,249.3 1 0
github.com/moleculer-go/moleculer/registry/node.go:250.2,250.11 1 0
github.com/moleculer-go/moleculer/registry/node.go:255.56,270.2 13 183
github.com/moleculer-go/moleculer/registry/node.go:272.34,274.2 1 2327
github.com/moleculer-go/moleculer/registry/node.go:275.57,276.43 1 120
github.com/moleculer-go/moleculer/registry/node.go:276.43,278.3 1 120
github.com/moleculer-go/moleculer/registry/node.go:279.2,280.40 2 0
github.com/moleculer-go/moleculer/registry/node.go:283.63,284.23 1 112
github.com/moleculer-go/moleculer/registry/node.go:284.23,287.3 2 0
github.com/moleculer-go/moleculer/registry/node.go:288.2,290.44 3 112
github.com/moleculer-go/moleculer/registry/node.go:293.59,295.2 1 141
github.com/moleculer-go/moleculer/registry/node.go:297.38,299.2 1 604
github.com/moleculer-go/moleculer/registry/node.go:302.33,303.22 1 66
github.com/moleculer-go/moleculer/registry/node.go:303.22,306.3 2 6
github.com/moleculer-go/moleculer/registry/node.go:307.2,307.26 1 66
github.com/moleculer-go/moleculer/registry/node.go:311.31,313.2 1 60
github.com/moleculer-go/moleculer/registry/node.go:315.38,318.2 2 141
github.com/moleculer-go/moleculer/registry/nodeCatalog.go:20.57,22.2 1 60
github.com/moleculer-go/moleculer/registry/nodeCatalog.go:24.47,25.25 1 0
github.com/moleculer-go/moleculer/registry/nodeCatalog.go:25.25,26.15 1 0
github.com/moleculer-go/moleculer/registry/nodeCatalog.go:26.15,28.4 1 0
github.com/moleculer-go/moleculer/registry/nodeCatalog.go:30.2,30.14 1 0
github.com/moleculer-go/moleculer/registry/nodeCatalog.go:33.77,36.16 2 0
github.com/moleculer-go/moleculer/registry/nodeCatalog.go:36.16,39.3 2 0
github.com/moleculer-go/moleculer/registry/nodeCatalog.go:40.2,41.16 2 0
github.com/moleculer-go/moleculer/registry/nodeCatalog.go:41.16,44.3 2 0
github.com/moleculer-go/moleculer/registry/nodeCatalog.go:46.2,47.56 2 0
github.com/moleculer-go/moleculer/registry/nodeCatalog.go:47.56,49.97 2 0
github.com/moleculer-go/moleculer/registry/nodeCatalog.go:49.97,52.4 2 0
github.com/moleculer-go/moleculer/registry/nodeCatalog.go:53.3,53.14 1 0
github.com/moleculer-go/moleculer/registry/nodeCatalog.go:55.2,55.15 1 0
github.com/moleculer-go/moleculer/registry/nodeCatalog.go:59.78,63.57 3 112
github.com/moleculer-go/moleculer/registry/nodeCatalog.go:63.57,66.3 2 112
github.com/moleculer-go/moleculer/registry/nodeCatalog.go:67.2,67.14 1 0
github.com/moleculer-go/moleculer/registry/nodeCatalog.go:70.80,71.56 1 0
github.com/moleculer-go/moleculer/registry/nodeCatalog.go:71.56,73.3 1 0
github.com/moleculer-go/moleculer/registry/nodeCatalog.go:76.53,78.56 2 6
github.com/moleculer-go/moleculer/registry/nodeCatalog.go:78.56,82.3 3 12
github.com/moleculer-go/moleculer/registry/nodeCatalog.go:83.2,83.15 1 6
github.com/moleculer-go/moleculer/registry/nodeCatalog.go:87.82,89.56 2 120
github.com/moleculer-go/moleculer/registry/nodeCatalog.go:89.56,91.30 2 120
github.com/moleculer-go/moleculer/registry/nodeCatalog.go:91.30,93.4 1 0
github.com/moleculer-go/moleculer/registry/nodeCatalog.go:94.3,94.14 1 120
github.com/moleculer-go/moleculer/registry/nodeCatalog.go:96.2,96.15 1 120
github.com/moleculer-go/moleculer/registry/nodeCatalog.go:100.76,102.12 2 1211
github.com/moleculer-go/moleculer/registry/nodeCatalog.go:102.12,104.3 1 377
github.com/moleculer-go/moleculer/registry/nodeCatalog.go:104.8,106.3 1 834
github.com/moleculer-go/moleculer/registry/nodeCatalog.go:110.55,112.2 1 0
github.com/moleculer-go/moleculer/registry/nodeCatalog.go:115.54,117.2 1 176
github.com/moleculer-go/moleculer/registry/nodeCatalog.go:120.102,125.12 5 126
github.com/moleculer-go/moleculer/registry/nodeCatalog.go:125.12,127.3 1 10
github.com/moleculer-go/moleculer/registry/nodeCatalog.go:127.8,131.3 3 116
github.com/moleculer-go/moleculer/registry/nodeCatalog.go:132.2,132.45 1 126
github.com/moleculer-go/moleculer/registry/nodeService.go:12.68,14.42 2 60
github.com/moleculer-go/moleculer/registry/nodeService.go:14.42,17.3 2 309
github.com/moleculer-go/moleculer/registry/nodeService.go:19.2,19.38 1 60
github.com/moleculer-go/moleculer/registry/nodeService.go:19.38,21.3 1 274
github.com/moleculer-go/moleculer/registry/nodeService.go:23.2,23.80 1 60
github.com/moleculer-go/moleculer/registry/nodeService.go:23.80,26.3 2 160
github.com/moleculer-go/moleculer/registry/nodeService.go:27.2,29.67 1 60
github.com/moleculer-go/moleculer/registry/nodeService.go:29.67,31.4 1 120
github.com/moleculer-go/moleculer/registry/nodeService.go:35.84,42.62 6 6
github.com/moleculer-go/moleculer/registry/nodeService.go:42.62,43.56 1 10
github.com/moleculer-go/moleculer/registry/nodeService.go:43.56,44.37 1 24
github.com/moleculer-go/moleculer/registry/nodeService.go:44.37,45.41 1 24
github.com/moleculer-go/moleculer/registry/nodeService.go:45.41,47.10 1 20
github.com/moleculer-go/moleculer/registry/nodeService.go:49.8,49.20 1 4
github.com/moleculer-go/moleculer/registry/nodeService.go:51.7,51.52 1 10
github.com/moleculer-go/moleculer/registry/nodeService.go:51.52,53.37 2 3
github.com/moleculer-go/moleculer/registry/nodeService.go:53.37,59.9 2 4
github.com/moleculer-go/moleculer/registry/nodeService.go:60.8,60.19 1 3
github.com/moleculer-go/moleculer/registry/nodeService.go:62.7,62.37 1 10
github.com/moleculer-go/moleculer/registry/nodeService.go:62.37,63.16 1 2
github.com/moleculer-go/moleculer/registry/nodeService.go:65.7,65.45 1 8
github.com/moleculer-go/moleculer/registry/nodeService.go:65.45,66.16 1 0
github.com/moleculer-go/moleculer/registry/nodeService.go:68.7,68.56 1 8
github.com/moleculer-go/moleculer/registry/nodeService.go:68.56,69.16 1 0
github.com/moleculer-go/moleculer/registry/nodeService.go:71.7,78.24 2 8
github.com/moleculer-go/moleculer/registry/nodeService.go:78.24,80.8 1 3
github.com/moleculer-go/moleculer/registry/nodeService.go:81.7,81.36 1 8
github.com/moleculer-go/moleculer/registry/nodeService.go:84.6,84.19 1 6
github.com/moleculer-go/moleculer/registry/nodeService.go:90.84,97.63 6 18
github.com/moleculer-go/moleculer/registry/nodeService.go:97.63,98.56 1 144
github.com/moleculer-go/moleculer/registry/nodeService.go:98.56,99.37 1 302
github.com/moleculer-go/moleculer/registry/nodeService.go:99.37,100.41 1 302
github.com/moleculer-go/moleculer/registry/nodeService.go:100.41,102.10 1 290
[...]
github.com/moleculer-go/moleculer/transit/tcp/tcp-transporter.go:289.10,290.12 1 0
github.com/moleculer-go/moleculer/transit/tcp/tcp-transporter.go:294.83,296.26 2 0
github.com/moleculer-go/moleculer/transit/tcp/tcp-transporter.go:296.26,299.3 2 0
github.com/moleculer-go/moleculer/transit/tcp/tcp-transporter.go:300.2,307.8 6 0
github.com/moleculer-go/moleculer/transit/tcp/tcp-transporter.go:307.8,308.36 1 0
github.com/moleculer-go/moleculer/transit/tcp/tcp-transporter.go:308.36,310.4 1 0
github.com/moleculer-go/moleculer/transit/tcp/tcp-transporter.go:315.76,317.36 2 0
github.com/moleculer-go/moleculer/transit/tcp/tcp-transporter.go:317.36,319.3 1 0
github.com/moleculer-go/moleculer/transit/tcp/tcp-transporter.go:322.53,331.16 4 0
github.com/moleculer-go/moleculer/transit/tcp/tcp-transporter.go:331.16,334.3 2 0
github.com/moleculer-go/moleculer/transit/tcp/tcp-transporter.go:335.2,338.4 2 0
github.com/moleculer-go/moleculer/transit/tcp/tcp-transporter.go:341.53,360.16 3 0
github.com/moleculer-go/moleculer/transit/tcp/tcp-transporter.go:360.16,362.3 1 0
github.com/moleculer-go/moleculer/transit/tcp/tcp-transporter.go:366.58,369.47 2 0
github.com/moleculer-go/moleculer/transit/tcp/tcp-transporter.go:369.47,374.24 2 0
github.com/moleculer-go/moleculer/transit/tcp/tcp-transporter.go:374.24,380.23 4 0
github.com/moleculer-go/moleculer/transit/tcp/tcp-transporter.go:380.23,383.5 2 0
github.com/moleculer-go/moleculer/transit/tcp/tcp-transporter.go:385.4,390.18 4 0
github.com/moleculer-go/moleculer/transit/tcp/tcp-transporter.go:390.18,393.5 2 0
github.com/moleculer-go/moleculer/transit/tcp/tcp-transporter.go:395.4,396.18 2 0
github.com/moleculer-go/moleculer/transit/tcp/tcp-transporter.go:396.18,399.5 2 0
github.com/moleculer-go/moleculer/transit/tcp/tcp-transporter.go:402.4,406.18 3 0
github.com/moleculer-go/moleculer/transit/tcp/tcp-transporter.go:406.18,408.5 1 0
github.com/moleculer-go/moleculer/transit/tcp/tcp-transporter.go:408.10,412.5 2 0
github.com/moleculer-go/moleculer/transit/tcp/tcp-transporter.go:417.60,419.28 2 0
github.com/moleculer-go/moleculer/transit/tcp/tcp-transporter.go:419.28,420.20 1 0
github.com/moleculer-go/moleculer/transit/tcp/tcp-transporter.go:420.20,424.9 3 0
github.com/moleculer-go/moleculer/transit/tcp/tcp-transporter.go:427.2,427.12 1 0
github.com/moleculer-go/moleculer/transit/tcp/tcp-transporter.go:427.12,430.3 1 0
github.com/moleculer-go/moleculer/transit/tcp/tcp-transporter.go:431.2,431.15 1 0
github.com/moleculer-go/moleculer/transit/tcp/tcp-transporter.go:436.80,437.58 1 0
github.com/moleculer-go/moleculer/transit/tcp/tcp-transporter.go:437.58,440.18 3 0
github.com/moleculer-go/moleculer/transit/tcp/tcp-transporter.go:440.18,445.4 3 0
github.com/moleculer-go/moleculer/transit/tcp/tcp-transporter.go:445.9,445.33 1 0
github.com/moleculer-go/moleculer/transit/tcp/tcp-transporter.go:445.33,452.4 2 0
github.com/moleculer-go/moleculer/transit/tcp/tcp-transporter.go:453.3,457.5 1 0
github.com/moleculer-go/moleculer/transit/tcp/tcp-transporter.go:461.60,463.12 2 0
github.com/moleculer-go/moleculer/transit/tcp/tcp-transporter.go:463.12,467.35 3 0
github.com/moleculer-go/moleculer/transit/tcp/tcp-transporter.go:467.35,469.4 1 0
github.com/moleculer-go/moleculer/transit/tcp/tcp-transporter.go:470.3,470.37 1 0
github.com/moleculer-go/moleculer/transit/tcp/tcp-transporter.go:470.37,472.4 1 0
github.com/moleculer-go/moleculer/transit/tcp/tcp-transporter.go:475.3,475.43 1 0
github.com/moleculer-go/moleculer/transit/tcp/tcp-transporter.go:475.43,477.4 1 0
github.com/moleculer-go/moleculer/transit/tcp/tcp-transporter.go:478.3,478.36 1 0
github.com/moleculer-go/moleculer/transit/tcp/tcp-transporter.go:478.36,480.4 1 0
github.com/moleculer-go/moleculer/transit/tcp/tcp-transporter.go:482.3,482.17 1 0
github.com/moleculer-go/moleculer/transit/tcp/tcp-transporter.go:484.2,484.16 1 0
github.com/moleculer-go/moleculer/transit/tcp/tcp-transporter.go:487.104,491.49 3 0
github.com/moleculer-go/moleculer/transit/tcp/tcp-transporter.go:491.49,493.3 1 0
github.com/moleculer-go/moleculer/transit/tcp/tcp-transporter.go:494.2,494.80 1 0
github.com/moleculer-go/moleculer/transit/tcp/tcp-transporter.go:497.70,499.17 2 0
github.com/moleculer-go/moleculer/transit/tcp/tcp-transporter.go:499.17,502.3 2 0
github.com/moleculer-go/moleculer/transit/tcp/tcp-transporter.go:503.2,504.65 2 0
github.com/moleculer-go/moleculer/transit/tcp/tcp-transporter.go:504.65,506.3 1 0
github.com/moleculer-go/moleculer/transit/tcp/tcp-transporter.go:507.2,507.23 1 0
github.com/moleculer-go/moleculer/transit/tcp/tcp-transporter.go:507.23,510.3 2 0
github.com/moleculer-go/moleculer/transit/tcp/tcp-transporter.go:511.2,512.16 2 0
github.com/moleculer-go/moleculer/transit/tcp/tcp-transporter.go:512.16,515.3 2 0
github.com/moleculer-go/moleculer/transit/tcp/tcp-transporter.go:516.2,517.12 2 0
github.com/moleculer-go/moleculer/transit/tcp/tcp-transporter.go:520.95,521.27 1 0
github.com/moleculer-go/moleculer/transit/tcp/tcp-transporter.go:521.27,522.35 1 0
github.com/moleculer-go/moleculer/transit/tcp/tcp-transporter.go:522.35,524.4 1 0
github.com/moleculer-go/moleculer/transit/tcp/tcp-transporter.go:525.3,525.9 1 0
github.com/moleculer-go/moleculer/transit/tcp/tcp-transporter.go:527.2,527.23 1 0
github.com/moleculer-go/moleculer/transit/tcp/tcp-transporter.go:527.23,530.3 2 0
github.com/moleculer-go/moleculer/transit/tcp/tcp-transporter.go:531.2,531.28 1 0
github.com/moleculer-go/moleculer/transit/tcp/tcp-transporter.go:531.28,534.3 1 0
github.com/moleculer-go/moleculer/transit/tcp/tcp-transporter.go:535.2,535.38 1 0
github.com/moleculer-go/moleculer/transit/tcp/tcp-transporter.go:535.38,537.3 1 0
github.com/moleculer-go/moleculer/transit/tcp/tcp-transporter.go:539.2,540.19 2 0
github.com/moleculer-go/moleculer/transit/tcp/tcp-transporter.go:540.19,543.3 2 0
github.com/moleculer-go/moleculer/transit/tcp/tcp-transporter.go:544.2,546.18 2 0
github.com/moleculer-go/moleculer/transit/tcp/tcp-transporter.go:546.18,548.17 2 0
github.com/moleculer-go/moleculer/transit/tcp/tcp-transporter.go:548.17,550.4 1 0
github.com/moleculer-go/moleculer/transit/tcp/tcp-transporter.go:551.3,551.9 1 0
github.com/moleculer-go/moleculer/transit/tcp/tcp-transporter.go:554.2,554.48 1 0
github.com/moleculer-go/moleculer/transit/tcp/tcp-transporter.go:554.48,556.17 2 0
github.com/moleculer-go/moleculer/transit/tcp/tcp-transporter.go:556.17,559.4 2 0
github.com/moleculer-go/moleculer/transit/tcp/tcp-transporter.go:561.2,562.16 2 0
github.com/moleculer-go/moleculer/transit/tcp/tcp-transporter.go:562.16,564.3 1 0
github.com/moleculer-go/moleculer/transit/tcp/tcp-transporter.go:567.61,569.2 1 0
github.com/moleculer-go/moleculer/transit/tcp/tcp-transporter.go:571.61,573.2 1 0
github.com/moleculer-go/moleculer/transit/tcp/tcp-transporter.go:576.72,580.42 2 0
github.com/moleculer-go/moleculer/transit/tcp/tcp-transporter.go:580.42,582.31 2 0
github.com/moleculer-go/moleculer/transit/tcp/tcp-transporter.go:582.31,584.4 1 0
github.com/moleculer-go/moleculer/transit/tcp/tcp-transporter.go:588.2,588.35 1 0
github.com/moleculer-go/moleculer/transit/tcp/tcp-transporter.go:588.35,590.3 1 0
github.com/moleculer-go/moleculer/transit/tcp/tcp-transporter.go:593.2,593.35 1 0
github.com/moleculer-go/moleculer/transit/tcp/tcp-transporter.go:593.35,595.3 1 0
github.com/moleculer-go/moleculer/transit/tcp/tcp-transporter.go:597.2,597.16 1 0
github.com/moleculer-go/moleculer/transit/tcp/tcp-transporter.go:600.84,602.2 1 0
github.com/moleculer-go/moleculer/transit/tcp/tcp-writer.go:34.120,49.2 4 0
github.com/moleculer-go/moleculer/transit/tcp/tcp-writer.go:51.82,55.66 3 0
github.com/moleculer-go/moleculer/transit/tcp/tcp-writer.go:55.66,57.3 1 0
github.com/moleculer-go/moleculer/transit/tcp/tcp-writer.go:59.2,60.16 2 0
github.com/moleculer-go/moleculer/transit/tcp/tcp-writer.go:60.16,62.3 1 0
github.com/moleculer-go/moleculer/transit/tcp/tcp-writer.go:64.2,65.16 2 0
github.com/moleculer-go/moleculer/transit/tcp/tcp-writer.go:65.16,67.3 1 0
github.com/moleculer-go/moleculer/transit/tcp/tcp-writer.go:69.2,75.39 5 0
github.com/moleculer-go/moleculer/transit/tcp/tcp-writer.go:75.39,77.3 1 0
github.com/moleculer-go/moleculer/transit/tcp/tcp-writer.go:78.2,78.18 1 0
github.com/moleculer-go/moleculer/transit/tcp/tcp-writer.go:81.53,86.2 4 0
github.com/moleculer-go/moleculer/transit/tcp/tcp-writer.go:88.68,91.32 3 0
github.com/moleculer-go/moleculer/transit/tcp/tcp-writer.go:91.32,93.3 1 0
github.com/moleculer-go/moleculer/transit/tcp/tcp-writer.go:94.2,98.33 4 0
github.com/moleculer-go/moleculer/transit/tcp/tcp-writer.go:98.33,100.17 2 0
github.com/moleculer-go/moleculer/transit/tcp/tcp-writer.go:100.17,104.4 3 0
github.com/moleculer-go/moleculer/transit/tcp/tcp-writer.go:106.2,106.20 1 0
github.com/moleculer-go/moleculer/transit/tcp/tcp-writer.go:106.20,109.3 2 0
github.com/moleculer-go/moleculer/transit/tcp/tcp-writer.go:110.2,110.12 1 0
github.com/moleculer-go/moleculer/transit/tcp/tcp-writer.go:113.78,117.30 4 0
github.com/moleculer-go/moleculer/transit/tcp/tcp-writer.go:117.30,119.3 1 0
github.com/moleculer-go/moleculer/transit/tcp/tcp-writer.go:121.2,137.23 12 0
github.com/moleculer-go/moleculer/transit/tcp/tcp-writer.go:137.23,139.3 1 0
github.com/moleculer-go/moleculer/transit/tcp/tcp-writer.go:140.2,152.12 7 0
github.com/moleculer-go/moleculer/transit/tcp/tcp-writer.go:160.41,165.40 3 0
github.com/moleculer-go/moleculer/transit/tcp/tcp-writer.go:165.40,167.3 1 0
github.com/moleculer-go/moleculer/transit/tcp/tcp-writer.go:169.2,170.30 2 0
github.com/moleculer-go/moleculer/transit/tcp/tcp-writer.go:170.30,172.3 1 0
github.com/moleculer-go/moleculer/transit/tcp/tcp-writer.go:173.2,173.46 1 0
github.com/moleculer-go/moleculer/transit/tcp/tcp-writer.go:173.46,175.3 1 0
github.com/moleculer-go/moleculer/transit/tcp/tcp-writer.go:177.2,177.33 1 0
github.com/moleculer-go/moleculer/transit/tcp/tcp-writer.go:177.33,182.41 5 0
github.com/moleculer-go/moleculer/transit/tcp/tcp-writer.go:182.41,183.9 1 0
github.com/moleculer-go/moleculer/transit/tcp/tcp-writer.go:188.29,190.28 1 0
github.com/moleculer-go/moleculer/transit/tcp/tcp-writer.go:190.28,192.3 1 0
github.com/moleculer-go/moleculer/transit/tcp/tcp-writer.go:193.2,198.40 4 0
github.com/moleculer-go/moleculer/transit/tcp/tcp-writer.go:198.40,201.3 2 0
github.com/moleculer-go/moleculer/transit/tcp/tcp-writer.go:205.38,206.6 1 0
github.com/moleculer-go/moleculer/transit/tcp/tcp-writer.go:206.6,207.10 1 0
github.com/moleculer-go/moleculer/transit/tcp/tcp-writer.go:208.28,209.30 1 0
github.com/moleculer-go/moleculer/transit/tcp/tcp-writer.go:210.21,211.10 1 0
github.com/moleculer-go/moleculer/transit/tcp/tcp-writer.go:217.46,222.40 4 0
github.com/moleculer-go/moleculer/transit/tcp/tcp-writer.go:222.40,223.47 1 0
github.com/moleculer-go/moleculer/transit/tcp/tcp-writer.go:223.47,227.4 3 0
github.com/moleculer-go/moleculer/transit/tcp/udp.go:51.128,58.2 1 0
github.com/moleculer-go/moleculer/transit/tcp/udp.go:60.123,62.16 2 0
github.com/moleculer-go/moleculer/transit/tcp/udp.go:62.16,65.3 2 0
github.com/moleculer-go/moleculer/transit/tcp/udp.go:69.2,70.22 2 0
github.com/moleculer-go/moleculer/transit/tcp/udp.go:70.22,72.68 1 0
github.com/moleculer-go/moleculer/transit/tcp/udp.go:72.68,73.39 1 0
github.com/moleculer-go/moleculer/transit/tcp/udp.go:73.39,80.6 3 0
github.com/moleculer-go/moleculer/transit/tcp/udp.go:85.2,86.16 2 0
github.com/moleculer-go/moleculer/transit/tcp/udp.go:86.16,89.3 2 0
github.com/moleculer-go/moleculer/transit/tcp/udp.go:92.2,94.21 3 0
github.com/moleculer-go/moleculer/transit/tcp/udp.go:94.21,97.17 3 0
github.com/moleculer-go/moleculer/transit/tcp/udp.go:97.17,100.4 2 0
github.com/moleculer-go/moleculer/transit/tcp/udp.go:102.8,104.3 1 0
github.com/moleculer-go/moleculer/transit/tcp/udp.go:106.2,108.12 3 0
github.com/moleculer-go/moleculer/transit/tcp/udp.go:111.145,113.16 2 0
github.com/moleculer-go/moleculer/transit/tcp/udp.go:113.16,116.3 2 0
github.com/moleculer-go/moleculer/transit/tcp/udp.go:118.2,121.16 3 0
github.com/moleculer-go/moleculer/transit/tcp/udp.go:121.16,124.3 2 0
github.com/moleculer-go/moleculer/transit/tcp/udp.go:126.2,126.35 1 0
github.com/moleculer-go/moleculer/transit/tcp/udp.go:126.35,127.65 1 0
github.com/moleculer-go/moleculer/transit/tcp/udp.go:127.65,129.4 1 0
github.com/moleculer-go/moleculer/transit/tcp/udp.go:132.2,132.65 1 0
github.com/moleculer-go/moleculer/transit/tcp/udp.go:132.65,135.3 2 0
github.com/moleculer-go/moleculer/transit/tcp/udp.go:137.2,138.24 2 0
github.com/moleculer-go/moleculer/transit/tcp/udp.go:141.42,144.16 3 0
github.com/moleculer-go/moleculer/transit/tcp/udp.go:144.16,147.3 2 0
github.com/moleculer-go/moleculer/transit/tcp/udp.go:149.2,149.31 1 0
github.com/moleculer-go/moleculer/transit/tcp/udp.go:149.31,151.17 2 0
github.com/moleculer-go/moleculer/transit/tcp/udp.go:151.17,153.12 2 0
github.com/moleculer-go/moleculer/transit/tcp/udp.go:156.3,156.30 1 0
github.com/moleculer-go/moleculer/transit/tcp/udp.go:156.30,158.28 2 0
github.com/moleculer-go/moleculer/transit/tcp/udp.go:159.20,160.14 1 0
github.com/moleculer-go/moleculer/transit/tcp/udp.go:161.21,162.14 1 0
github.com/moleculer-go/moleculer/transit/tcp/udp.go:166.4,166.36 1 0
github.com/moleculer-go/moleculer/transit/tcp/udp.go:166.36,167.13 1 0
github.com/moleculer-go/moleculer/transit/tcp/udp.go:169.4,170.73 2 0
github.com/moleculer-go/moleculer/transit/tcp/udp.go:173.2,173.12 1 0
github.com/moleculer-go/moleculer/transit/tcp/udp.go:176.35,177.28 1 0
github.com/moleculer-go/moleculer/transit/tcp/udp.go:177.28,181.26 3 0
github.com/moleculer-go/moleculer/transit/tcp/udp.go:181.26,182.40 1 0
github.com/moleculer-go/moleculer/transit/tcp/udp.go:182.40,184.10 2 0
github.com/moleculer-go/moleculer/transit/tcp/udp.go:188.3,188.19 1 0
github.com/moleculer-go/moleculer/transit/tcp/udp.go:188.19,195.18 6 0
github.com/moleculer-go/moleculer/transit/tcp/udp.go:195.18,197.5 1 0
github.com/moleculer-go/moleculer/transit/tcp/udp.go:201.3,201.31 1 0
github.com/moleculer-go/moleculer/transit/tcp/udp.go:201.31,205.4 2 0
github.com/moleculer-go/moleculer/transit/tcp/udp.go:207.3,208.26 2 0
github.com/moleculer-go/moleculer/transit/tcp/udp.go:208.26,211.18 3 0
github.com/moleculer-go/moleculer/transit/tcp/udp.go:211.18,213.5 1 0
github.com/moleculer-go/moleculer/transit/tcp/udp.go:215.8,215.43 1 0
github.com/moleculer-go/moleculer/transit/tcp/udp.go:215.43,218.3 2 0
github.com/moleculer-go/moleculer/transit/tcp/udp.go:218.8,222.3 3 0
github.com/moleculer-go/moleculer/transit/tcp/udp.go:224.2,228.35 3 0
github.com/moleculer-go/moleculer/transit/tcp/udp.go:228.35,230.3 1 0
github.com/moleculer-go/moleculer/transit/tcp/udp.go:232.2,234.12 2 0
github.com/moleculer-go/moleculer/transit/tcp/udp.go:237.54,240.16 3 0
github.com/moleculer-go/moleculer/transit/tcp/udp.go:240.16,243.3 2 0
github.com/moleculer-go/moleculer/transit/tcp/udp.go:244.2,244.35 1 0
github.com/moleculer-go/moleculer/transit/tcp/udp.go:244.35,246.17 2 0
github.com/moleculer-go/moleculer/transit/tcp/udp.go:246.17,248.12 2 0
github.com/moleculer-go/moleculer/transit/tcp/udp.go:250.3,250.30 1 0
github.com/moleculer-go/moleculer/transit/tcp/udp.go:250.30,251.68 1 0
github.com/moleculer-go/moleculer/transit/tcp/udp.go:251.68,252.30 1 0
github.com/moleculer-go/moleculer/transit/tcp/udp.go:252.30,259.24 4 0
github.com/moleculer-go/moleculer/transit/tcp/udp.go:259.24,260.30 1 0
github.com/moleculer-go/moleculer/transit/tcp/udp.go:260.30,262.8 1 0
github.com/moleculer-go/moleculer/transit/tcp/udp.go:263.12,265.53 1 0
github.com/moleculer-go/moleculer/transit/tcp/udp.go:265.53,267.8 1 0
github.com/moleculer-go/moleculer/transit/tcp/udp.go:270.6,277.35 6 0
github.com/moleculer-go/moleculer/transit/tcp/udp.go:277.35,279.7 1 0
github.com/moleculer-go/moleculer/transit/tcp/udp.go:280.6,280.37 1 0
github.com/moleculer-go/moleculer/transit/tcp/udp.go:280.37,282.7 1 0
github.com/moleculer-go/moleculer/transit/tcp/udp.go:283.6,283.47 1 0
github.com/moleculer-go/moleculer/transit/tcp/udp.go:283.47,285.7 1 0
github.com/moleculer-go/moleculer/transit/tcp/udp.go:286.6,289.45 2 0
github.com/moleculer-go/moleculer/transit/tcp/udp.go:290.11,293.6 1 0
github.com/moleculer-go/moleculer/transit/tcp/udp.go:297.2,297.13 1 0
github.com/moleculer-go/moleculer/transit/tcp/udp.go:300.45,304.2 2 0
github.com/moleculer-go/moleculer/transit/tcp/udp.go:306.77,308.25 2 0
github.com/moleculer-go/moleculer/transit/tcp/udp.go:308.25,310.17 2 0
github.com/moleculer-go/moleculer/transit/tcp/udp.go:310.17,312.12 2 0
github.com/moleculer-go/moleculer/transit/tcp/udp.go:314.3,319.22 4 0
github.com/moleculer-go/moleculer/transit/tcp/udp.go:319.22,321.12 2 0
github.com/moleculer-go/moleculer/transit/tcp/udp.go:324.3,326.36 2 0
github.com/moleculer-go/moleculer/transit/tcp/udp.go:326.36,328.12 2 0
github.com/moleculer-go/moleculer/transit/tcp/udp.go:331.3,333.17 3 0
github.com/moleculer-go/moleculer/transit/tcp/udp.go:333.17,335.12 2 0
github.com/moleculer-go/moleculer/transit/tcp/udp.go:338.3,338.49 1 0
github.com/moleculer-go/moleculer/transit/tcp/udp.go:340.2,340.61 1 0
github.com/moleculer-go/moleculer/transit/tcp/udp.go:343.40,344.23 1 0
github.com/moleculer-go/moleculer/transit/tcp/udp.go:344.23,347.3 2 0
github.com/moleculer-go/moleculer/transit/tcp/udp.go:348.2,348.28 1 0
github.com/moleculer-go/moleculer/transit/tcp/udp.go:348.28,351.3 2 0
github.com/moleculer-go/moleculer/transit/tcp/udp.go:352.2,353.12 2 0
github.com/moleculer-go/moleculer/transit/tcp/udp.go:353.12,354.31 1 0
github.com/moleculer-go/moleculer/transit/tcp/udp.go:354.31,356.76 2 0
github.com/moleculer-go/moleculer/transit/tcp/udp.go:356.76,359.5 2 0
github.com/moleculer-go/moleculer/transit/tcp/udp.go:364.49,369.35 5 0
github.com/moleculer-go/moleculer/transit/tcp/udp.go:369.35,370.50 1 0
github.com/moleculer-go/moleculer/transit/tcp/udp.go:370.50,374.18 2 0
github.com/moleculer-go/moleculer/transit/tcp/udp.go:374.18,376.13 2 0
github.com/moleculer-go/moleculer/transit/tcp/udp.go:378.4,378.79 1 0
github.com/moleculer-go/moleculer/transit/tcp/udp.go:378.79,380.5 1 0
github.com/moleculer-go/moleculer/transit/tcp/udp.go:380.10,382.5 1 0
github.com/moleculer-go/moleculer/transit/tcp/udp.go:387.39,389.28 2 0
github.com/moleculer-go/moleculer/transit/tcp/udp.go:389.28,392.3 2 0
github.com/moleculer-go/moleculer/transit/tcp/udp.go:395.29,399.35 4 0
github.com/moleculer-go/moleculer/transit/tcp/udp.go:399.35,400.25 1 0
github.com/moleculer-go/moleculer/transit/tcp/udp.go:400.25,402.4 1 0
github.com/moleculer-go/moleculer/util/log.go:8.46,10.16 2 0
github.com/moleculer-go/moleculer/util/log.go:10.16,12.3 1 0
github.com/moleculer-go/moleculer/util/log.go:13.2,13.27 1 0
github.com/moleculer-go/moleculer/util/metrics.go:9.61,11.16 2 0
github.com/moleculer-go/moleculer/util/metrics.go:11.16,13.3 1 0
github.com/moleculer-go/moleculer/util/metrics.go:15.2,18.16 3 0
github.com/moleculer-go/moleculer/util/metrics.go:18.16,20.3 1 0
github.com/moleculer-go/moleculer/util/metrics.go:22.2,25.16 3 0
github.com/moleculer-go/moleculer/util/metrics.go:25.16,27.3 1 0
github.com/moleculer-go/moleculer/util/metrics.go:29.2,30.26 2 0
github.com/moleculer-go/moleculer/util/metrics.go:30.26,34.3 3 0
github.com/moleculer-go/moleculer/util/metrics.go:36.2,37.17 2 0
github.com/moleculer-go/moleculer/util/metrics.go:40.67,46.2 5 0
github.com/moleculer-go/moleculer/util/metrics.go:48.44,50.2 1 0
github.com/moleculer-go/moleculer/util/randomString.go:19.36,25.86 4 1000
github.com/moleculer-go/moleculer/util/randomString.go:25.86,26.18 1 14770
github.com/moleculer-go/moleculer/util/randomString.go:26.18,28.4 1 1004
github.com/moleculer-go/moleculer/util/randomString.go:29.3,29.64 1 14770
github.com/moleculer-go/moleculer/util/randomString.go:29.64,32.4 2 12000
github.com/moleculer-go/moleculer/util/randomString.go:33.3,34.11 2 14770
github.com/moleculer-go/moleculer/util/randomString.go:36.2,36.23 1 1000
