mode: atomic
github.com/moleculer-go/moleculer/transit/nats/stan.go:39.65,49.2 9 31
github.com/moleculer-go/moleculer/transit/nats/stan.go:51.57,53.12 2 31
github.com/moleculer-go/moleculer/transit/nats/stan.go:65.2,65.16 1 31
github.com/moleculer-go/moleculer/transit/nats/stan.go:53.12,56.19 3 31
github.com/moleculer-go/moleculer/transit/nats/stan.go:60.3,63.18 3 31
github.com/moleculer-go/moleculer/transit/nats/stan.go:56.19,58.16 2 0
github.com/moleculer-go/moleculer/transit/nats/stan.go:68.60,70.12 2 31
github.com/moleculer-go/moleculer/transit/nats/stan.go:89.2,89.16 1 31
github.com/moleculer-go/moleculer/transit/nats/stan.go:70.12,72.49 2 31
github.com/moleculer-go/moleculer/transit/nats/stan.go:78.3,80.19 3 31
github.com/moleculer-go/moleculer/transit/nats/stan.go:86.3,87.18 2 31
github.com/moleculer-go/moleculer/transit/nats/stan.go:72.49,74.20 2 331
github.com/moleculer-go/moleculer/transit/nats/stan.go:74.20,76.5 1 0
github.com/moleculer-go/moleculer/transit/nats/stan.go:80.19,82.4 1 31
github.com/moleculer-go/moleculer/transit/nats/stan.go:82.9,84.4 1 0
github.com/moleculer-go/moleculer/transit/nats/stan.go:92.84,93.18 1 712
github.com/moleculer-go/moleculer/transit/nats/stan.go:96.2,96.53 1 210
github.com/moleculer-go/moleculer/transit/nats/stan.go:93.18,95.3 1 502
github.com/moleculer-go/moleculer/transit/nats/stan.go:99.112,100.35 1 331
github.com/moleculer-go/moleculer/transit/nats/stan.go:106.2,109.76 3 331
github.com/moleculer-go/moleculer/transit/nats/stan.go:116.2,116.18 1 331
github.com/moleculer-go/moleculer/transit/nats/stan.go:120.2,120.68 1 331
github.com/moleculer-go/moleculer/transit/nats/stan.go:100.35,103.25 3 0
github.com/moleculer-go/moleculer/transit/nats/stan.go:109.76,112.39 3 471
github.com/moleculer-go/moleculer/transit/nats/stan.go:112.39,114.4 1 381
github.com/moleculer-go/moleculer/transit/nats/stan.go:116.18,118.15 2 0
github.com/moleculer-go/moleculer/transit/nats/stan.go:123.96,124.35 1 381
github.com/moleculer-go/moleculer/transit/nats/stan.go:129.2,131.65 3 381
github.com/moleculer-go/moleculer/transit/nats/stan.go:124.35,127.25 3 0
