mode: atomic
github.com/moleculer-go/moleculer/broker/broker.go:38.30,47.2 1 0
github.com/moleculer-go/moleculer/broker/broker.go:49.115,50.25 1 4
github.com/moleculer-go/moleculer/broker/broker.go:69.2,69.19 1 4
github.com/moleculer-go/moleculer/broker/broker.go:50.25,51.37 1 4
github.com/moleculer-go/moleculer/broker/broker.go:51.37,52.29 1 8
github.com/moleculer-go/moleculer/broker/broker.go:55.4,55.30 1 8
github.com/moleculer-go/moleculer/broker/broker.go:58.4,58.36 1 8
github.com/moleculer-go/moleculer/broker/broker.go:61.4,61.32 1 8
github.com/moleculer-go/moleculer/broker/broker.go:64.4,64.40 1 8
github.com/moleculer-go/moleculer/broker/broker.go:52.29,54.5 1 4
github.com/moleculer-go/moleculer/broker/broker.go:55.30,57.5 1 0
github.com/moleculer-go/moleculer/broker/broker.go:58.36,60.5 1 4
github.com/moleculer-go/moleculer/broker/broker.go:61.32,63.5 1 0
github.com/moleculer-go/moleculer/broker/broker.go:64.40,66.5 1 4
github.com/moleculer-go/moleculer/broker/broker.go:103.54,105.2 1 89
github.com/moleculer-go/moleculer/broker/broker.go:108.68,112.2 3 5
github.com/moleculer-go/moleculer/broker/broker.go:115.69,128.2 6 5
github.com/moleculer-go/moleculer/broker/broker.go:131.76,132.38 1 5
github.com/moleculer-go/moleculer/broker/broker.go:135.2,136.6 2 4
github.com/moleculer-go/moleculer/broker/broker.go:132.38,134.3 1 1
github.com/moleculer-go/moleculer/broker/broker.go:136.6,138.53 2 4
github.com/moleculer-go/moleculer/broker/broker.go:145.3,145.12 1 4
github.com/moleculer-go/moleculer/broker/broker.go:149.3,149.67 1 0
github.com/moleculer-go/moleculer/broker/broker.go:153.3,153.37 1 0
github.com/moleculer-go/moleculer/broker/broker.go:138.53,140.14 2 6
github.com/moleculer-go/moleculer/broker/broker.go:140.14,142.10 2 0
github.com/moleculer-go/moleculer/broker/broker.go:145.12,147.9 2 4
github.com/moleculer-go/moleculer/broker/broker.go:149.67,151.9 2 0
github.com/moleculer-go/moleculer/broker/broker.go:158.54,163.2 0 5
github.com/moleculer-go/moleculer/broker/broker.go:165.87,167.2 0 8
github.com/moleculer-go/moleculer/broker/broker.go:169.62,170.56 1 4
github.com/moleculer-go/moleculer/broker/broker.go:176.2,176.55 1 4
github.com/moleculer-go/moleculer/broker/broker.go:190.2,195.21 3 4
github.com/moleculer-go/moleculer/broker/broker.go:170.56,172.3 1 0
github.com/moleculer-go/moleculer/broker/broker.go:172.8,174.3 1 4
github.com/moleculer-go/moleculer/broker/broker.go:176.55,178.3 1 0
github.com/moleculer-go/moleculer/broker/broker.go:178.8,178.63 1 4
github.com/moleculer-go/moleculer/broker/broker.go:178.63,180.3 1 4
github.com/moleculer-go/moleculer/broker/broker.go:180.8,180.63 1 0
github.com/moleculer-go/moleculer/broker/broker.go:180.63,182.3 1 0
github.com/moleculer-go/moleculer/broker/broker.go:182.8,182.63 1 0
github.com/moleculer-go/moleculer/broker/broker.go:182.63,184.3 1 0
github.com/moleculer-go/moleculer/broker/broker.go:184.8,184.63 1 0
github.com/moleculer-go/moleculer/broker/broker.go:184.63,186.3 1 0
github.com/moleculer-go/moleculer/broker/broker.go:186.8,188.3 1 0
github.com/moleculer-go/moleculer/broker/broker.go:200.71,201.33 1 5
github.com/moleculer-go/moleculer/broker/broker.go:201.33,204.21 3 5
github.com/moleculer-go/moleculer/broker/broker.go:204.21,206.4 1 0
github.com/moleculer-go/moleculer/broker/broker.go:210.37,215.42 3 4
github.com/moleculer-go/moleculer/broker/broker.go:219.2,224.51 4 4
github.com/moleculer-go/moleculer/broker/broker.go:215.42,217.3 1 5
github.com/moleculer-go/moleculer/broker/broker.go:227.38,228.24 1 4
github.com/moleculer-go/moleculer/broker/broker.go:232.2,238.42 4 4
github.com/moleculer-go/moleculer/broker/broker.go:242.2,248.45 5 4
github.com/moleculer-go/moleculer/broker/broker.go:228.24,231.3 2 0
github.com/moleculer-go/moleculer/broker/broker.go:238.42,240.3 1 5
github.com/moleculer-go/moleculer/broker/broker.go:252.128,254.25 2 8
github.com/moleculer-go/moleculer/broker/broker.go:257.2,258.75 2 8
github.com/moleculer-go/moleculer/broker/broker.go:254.25,255.69 1 0
github.com/moleculer-go/moleculer/broker/broker.go:261.87,263.25 2 2
github.com/moleculer-go/moleculer/broker/broker.go:266.2,267.46 2 2
github.com/moleculer-go/moleculer/broker/broker.go:263.25,264.71 1 0
github.com/moleculer-go/moleculer/broker/broker.go:270.92,272.25 2 3
github.com/moleculer-go/moleculer/broker/broker.go:275.2,276.44 2 3
github.com/moleculer-go/moleculer/broker/broker.go:272.25,273.76 1 0
github.com/moleculer-go/moleculer/broker/broker.go:279.47,281.2 1 17
github.com/moleculer-go/moleculer/broker/broker.go:283.78,285.2 1 0
github.com/moleculer-go/moleculer/broker/broker.go:287.57,289.2 1 174
github.com/moleculer-go/moleculer/broker/broker.go:291.78,293.2 1 183
github.com/moleculer-go/moleculer/broker/broker.go:295.37,307.95 5 4
github.com/moleculer-go/moleculer/broker/broker.go:320.2,321.62 2 4
github.com/moleculer-go/moleculer/broker/broker.go:307.95,309.4 1 6
github.com/moleculer-go/moleculer/broker/broker.go:310.41,312.4 1 16
github.com/moleculer-go/moleculer/broker/broker.go:313.41,315.4 1 0
github.com/moleculer-go/moleculer/broker/broker.go:316.41,318.4 1 17
github.com/moleculer-go/moleculer/broker/broker.go:324.46,327.74 2 4
github.com/moleculer-go/moleculer/broker/broker.go:327.75,329.3 0 5
github.com/moleculer-go/moleculer/broker/broker.go:334.71,340.2 5 4
