mode: atomic
github.com/moleculer-go/moleculer/broker/broker.go:37.30,46.2 1 10
github.com/moleculer-go/moleculer/broker/broker.go:48.115,50.25 1 5
github.com/moleculer-go/moleculer/broker/broker.go:66.2,66.19 1 5
github.com/moleculer-go/moleculer/broker/broker.go:50.25,52.28 2 5
github.com/moleculer-go/moleculer/broker/broker.go:55.3,55.29 1 5
github.com/moleculer-go/moleculer/broker/broker.go:58.3,58.35 1 5
github.com/moleculer-go/moleculer/broker/broker.go:61.3,61.31 1 5
github.com/moleculer-go/moleculer/broker/broker.go:52.28,54.4 1 5
github.com/moleculer-go/moleculer/broker/broker.go:55.29,57.4 1 0
github.com/moleculer-go/moleculer/broker/broker.go:58.35,60.4 1 0
github.com/moleculer-go/moleculer/broker/broker.go:61.31,63.4 1 0
github.com/moleculer-go/moleculer/broker/broker.go:100.54,102.2 1 115
github.com/moleculer-go/moleculer/broker/broker.go:105.68,109.2 3 1
github.com/moleculer-go/moleculer/broker/broker.go:112.69,125.2 6 5
github.com/moleculer-go/moleculer/broker/broker.go:128.53,130.2 0 5
github.com/moleculer-go/moleculer/broker/broker.go:133.54,138.2 0 5
github.com/moleculer-go/moleculer/broker/broker.go:140.87,142.2 0 6
github.com/moleculer-go/moleculer/broker/broker.go:144.62,146.56 1 5
github.com/moleculer-go/moleculer/broker/broker.go:152.2,152.55 1 5
github.com/moleculer-go/moleculer/broker/broker.go:166.2,172.21 4 5
github.com/moleculer-go/moleculer/broker/broker.go:146.56,148.3 1 0
github.com/moleculer-go/moleculer/broker/broker.go:148.8,150.3 1 5
github.com/moleculer-go/moleculer/broker/broker.go:152.55,154.3 1 0
github.com/moleculer-go/moleculer/broker/broker.go:154.8,154.63 1 5
github.com/moleculer-go/moleculer/broker/broker.go:154.63,156.3 1 5
github.com/moleculer-go/moleculer/broker/broker.go:156.8,156.63 1 0
github.com/moleculer-go/moleculer/broker/broker.go:156.63,158.3 1 0
github.com/moleculer-go/moleculer/broker/broker.go:158.8,158.63 1 0
github.com/moleculer-go/moleculer/broker/broker.go:158.63,160.3 1 0
github.com/moleculer-go/moleculer/broker/broker.go:160.8,160.63 1 0
github.com/moleculer-go/moleculer/broker/broker.go:160.63,162.3 1 0
github.com/moleculer-go/moleculer/broker/broker.go:162.8,164.3 1 0
github.com/moleculer-go/moleculer/broker/broker.go:177.71,178.33 1 5
github.com/moleculer-go/moleculer/broker/broker.go:178.33,181.3 2 5
github.com/moleculer-go/moleculer/broker/broker.go:184.37,189.42 3 1
github.com/moleculer-go/moleculer/broker/broker.go:193.2,198.51 4 1
github.com/moleculer-go/moleculer/broker/broker.go:189.42,191.3 1 1
github.com/moleculer-go/moleculer/broker/broker.go:201.38,202.24 1 5
github.com/moleculer-go/moleculer/broker/broker.go:206.2,210.42 3 5
github.com/moleculer-go/moleculer/broker/broker.go:214.2,222.45 6 5
github.com/moleculer-go/moleculer/broker/broker.go:202.24,205.3 2 0
github.com/moleculer-go/moleculer/broker/broker.go:210.42,212.3 1 5
github.com/moleculer-go/moleculer/broker/broker.go:226.128,228.25 2 7
github.com/moleculer-go/moleculer/broker/broker.go:231.2,232.75 2 7
github.com/moleculer-go/moleculer/broker/broker.go:228.25,229.69 1 0
github.com/moleculer-go/moleculer/broker/broker.go:235.87,237.25 2 0
github.com/moleculer-go/moleculer/broker/broker.go:240.2,241.46 2 0
github.com/moleculer-go/moleculer/broker/broker.go:237.25,238.71 1 0
github.com/moleculer-go/moleculer/broker/broker.go:244.92,246.25 2 0
github.com/moleculer-go/moleculer/broker/broker.go:249.2,250.44 2 0
github.com/moleculer-go/moleculer/broker/broker.go:246.25,247.76 1 0
github.com/moleculer-go/moleculer/broker/broker.go:253.47,255.2 1 12
github.com/moleculer-go/moleculer/broker/broker.go:257.78,259.2 1 0
github.com/moleculer-go/moleculer/broker/broker.go:261.57,263.2 1 85
github.com/moleculer-go/moleculer/broker/broker.go:265.78,267.2 1 37
github.com/moleculer-go/moleculer/broker/broker.go:269.37,281.95 5 5
github.com/moleculer-go/moleculer/broker/broker.go:291.2,292.62 2 5
github.com/moleculer-go/moleculer/broker/broker.go:281.95,283.4 1 6
github.com/moleculer-go/moleculer/broker/broker.go:284.41,286.4 1 4
github.com/moleculer-go/moleculer/broker/broker.go:287.41,289.4 1 0
github.com/moleculer-go/moleculer/broker/broker.go:295.46,298.74 2 5
github.com/moleculer-go/moleculer/broker/broker.go:298.75,300.3 0 5
github.com/moleculer-go/moleculer/broker/broker.go:305.71,311.2 5 5
